# Logfile created on Wed May 19 17:55:06 +0900 2010 by logger.rb/22285
I, [2010-05-19T17:55:06.913072 #6749]  INFO -- : (0.000816s) SET standard_conforming_strings = ON
I, [2010-05-19T17:55:06.913713 #6749]  INFO -- : (0.000304s) SET client_min_messages = 'WARNING'
I, [2010-05-19T17:55:06.914111 #6749]  INFO -- : (0.000248s) SET DateStyle = 'ISO'
E, [2010-05-19T17:55:07.558891 #6749] ERROR -- : PGError: ERROR:  duplicate key value violates unique constraint "kifs_id2ch_key"
CONTEXT:  SQL statement "insert into kifs (id2ch, tesu, gdate, black, white, result, kif) values( $1 ,  $2 ,  $3 ,  $4 ,  $5 ,  $6 ,  $7 )"
PL/pgSQL function "kif_insert" line 92 at SQL statement: delete from kifread;delete from new_boards;delete from new_moves;insert into kifread values(  1,77,76,'P',false, true,'','lxpxxxPxLnbpxxxPRNsxpxxxPxSgxpxxxPxGkxpxxxPxKgxpxxxPxGsxpxxxPxSnrpxxxPBNlxpxxxPxL','');
insert into kifread values(  2,33,34,'p',false,false,'','lxpxxxPxLnbpxxxPRNsxpxxxPxSgxpxxxPxGkxpxxxPxKgxpxxxPxGsxpxxPxxSnrpxxxPBNlxpxxxPxL','');
insert into kifread values(  3,27,26,'P',false, true,'','lxpxxxPxLnbpxxxPRNsxxpxxPxSgxpxxxPxGkxpxxxPxKgxpxxxPxGsxpxxPxxSnrpxxxPBNlxpxxxPxL','');
insert into kifread values(  4,41,32,'g',false,false,'','lxpxxxPxLnbpxxPxRNsxxpxxPxSgxpxxxPxGkxpxxxPxKgxpxxxPxGsxpxxPxxSnrpxxxPBNlxpxxxPxL','');
insert into kifread values(  5,69,78,'G',false, true,'','lxpxxxPxLnbpxxPxRNsgxpxxPxSxxpxxxPxGkxpxxxPxKgxpxxxPxGsxpxxPxxSnrpxxxPBNlxpxxxPxL','');
insert into kifread values(  6,13,14,'p',false,false,'','lxpxxxPxLnbpxxPxRNsgxpxxPxSxxpxxxPxGkxpxxxPxKgxpxxxPxxsxpxxPxGSnrpxxxPBNlxpxxxPxL','');
insert into kifread values(  7,39,48,'S',false, true,'','lxxpxxPxLnbpxxPxRNsgxpxxPxSxxpxxxPxGkxpxxxPxKgxpxxxPxxsxpxxPxGSnrpxxxPBNlxpxxxPxL','');
insert into kifread values(  8,83,84,'p',false,false,'','lxxpxxPxLnbpxxPxRNsgxpxxPxxxxpxxxPSGkxpxxxPxKgxpxxxPxxsxpxxPxGSnrpxxxPBNlxpxxxPxL','');
insert into kifread values(  9,67,66,'P',false, true,'','lxxpxxPxLnbpxxPxRNsgxpxxPxxxxpxxxPSGkxpxxxPxKgxpxxxPxxsxpxxPxGSnrxpxxPBNlxpxxxPxL','');
insert into kifread values( 10,84,85,'p',false,false,'','lxxpxxPxLnbpxxPxRNsgxpxxPxxxxpxxxPSGkxpxxxPxKgxpxxPxxxsxpxxPxGSnrxpxxPBNlxpxxxPxL','');
insert into kifread values( 11,88,77,'B',false, true,'','lxxpxxPxLnbpxxPxRNsgxpxxPxxxxpxxxPSGkxpxxxPxKgxpxxPxxxsxpxxPxGSnrxxpxPBNlxpxxxPxL','');
insert into kifread values( 12,71,62,'s',false,false,'','lxxpxxPxLnbpxxPxRNsgxpxxPxxxxpxxxPSGkxpxxxPxKgxpxxPxxxsxpxxPBGSnrxxpxPxNlxpxxxPxL','');
insert into kifread values( 13,49,58,'G',false, true,'','lxxpxxPxLnbpxxPxRNsgxpxxPxxxxpxxxPSGkxpxxxPxKgspxxPxxxxxpxxPBGSnrxxpxPxNlxpxxxPxL','');
insert into kifread values( 14,53,54,'p',false,false,'','lxxpxxPxLnbpxxPxRNsgxpxxPxxxxpxxxPSxkxpxxxPGKgspxxPxxxxxpxxPBGSnrxxpxPxNlxpxxxPxL','');
insert into kifread values( 15,79,88,'S',false, true,'','lxxpxxPxLnbpxxPxRNsgxpxxPxxxxpxxxPSxkxxpxxPGKgspxxPxxxxxpxxPBGSnrxxpxPxNlxpxxxPxL','');
insert into kifread values( 16,22,33,'b',false,false,'','lxxpxxPxLnbpxxPxRNsgxpxxPxxxxpxxxPSxkxxpxxPGKgspxxPxxxxxpxxPBGxnrxxpxPSNlxpxxxPxL','');
insert into kifread values( 17,59,69,'K',false, true,'','lxxpxxPxLnxpxxPxRNsgbpxxPxxxxpxxxPSxkxxpxxPGKgspxxPxxxxxpxxPBGxnrxxpxPSNlxpxxxPxL','');
insert into kifread values( 18,31,22,'s',false,false,'','lxxpxxPxLnxpxxPxRNsgbpxxPxxxxpxxxPSxkxxpxxPGxgspxxPxxKxxpxxPBGxnrxxpxPSNlxpxxxPxL','');
insert into kifread values( 19,58,67,'G',false, true,'','lxxpxxPxLnspxxPxRNxgbpxxPxxxxpxxxPSxkxxpxxPGxgspxxPxxKxxpxxPBGxnrxxpxPSNlxpxxxPxL','');
insert into kifread values( 20,33,42,'b',false,false,'','lxxpxxPxLnspxxPxRNxgbpxxPxxxxpxxxPSxkxxpxxPxxgspxxPGxKxxpxxPBGxnrxxpxPSNlxpxxxPxL','');
insert into kifread values( 21,77,59,'B',false, true,'','lxxpxxPxLnspxxPxRNxgxpxxPxxxbpxxxPSxkxxpxxPxxgspxxPGxKxxpxxPBGxnrxxpxPSNlxpxxxPxL','');
insert into kifread values( 22,85,86,'p',false,false,'','lxxpxxPxLnspxxPxRNxgxpxxPxxxbpxxxPSxkxxpxxPxBgspxxPGxKxxpxxPxGxnrxxpxPSNlxpxxxPxL','');
insert into kifread values( 23,87,86,'P',false, true,'','lxxpxxPxLnspxxPxRNxgxpxxPxxxbpxxxPSxkxxpxxPxBgspxxPGxKxxpxxPxGxnrxxxpPSNlxpxxxPxL','');
insert into kifread values( 24,42,86,'b',false,false,'P','lxxpxxPxLnspxxPxRNxgxpxxPxxxbpxxxPSxkxxpxxPxBgspxxPGxKxxpxxPxGxnrxxxPxSNlxpxxxPxL','');
insert into kifread values( 25,89,77,'N',false, true,'P','lxxpxxPxLnspxxPxRNxgxpxxPxxxxpxxxPSxkxxpxxPxBgspxxPGxKxxpxxPxGxnrxxxbxSNlxpxxxPxL','p');
insert into kifread values( 26,86,42,'b',false,false,'P','lxxpxxPxLnspxxPxRNxgxpxxPxxxxpxxxPSxkxxpxxPxBgspxxPGxKxxpxxPNGxnrxxxbxSxlxpxxxPxL','p');
insert into kifread values( 27, 0,87,'P',false, true,'P','lxxpxxPxLnspxxPxRNxgxpxxPxxxbpxxxPSxkxxpxxPxBgspxxPGxKxxpxxPNGxnrxxxxxSxlxpxxxPxL','p');
insert into kifread values( 28,51,41,'k',false,false,'','lxxpxxPxLnspxxPxRNxgxpxxPxxxbpxxxPSxkxxpxxPxBgspxxPGxKxxpxxPNGxnrxxxxPSxlxpxxxPxL','p');
insert into kifread values( 29,57,56,'P',false, true,'','lxxpxxPxLnspxxPxRNxgxpxxPxxkbpxxxPSxxxxpxxPxBgspxxPGxKxxpxxPNGxnrxxxxPSxlxpxxxPxL','p');
insert into kifread values( 30,22,33,'s',false,false,'','lxxpxxPxLnspxxPxRNxgxpxxPxxkbpxxxPSxxxxpxPxxBgspxxPGxKxxpxxPNGxnrxxxxPSxlxpxxxPxL','p');
insert into kifread values( 31,48,57,'S',false, true,'','lxxpxxPxLnxpxxPxRNxgspxxPxxkbpxxxPSxxxxpxPxxBgspxxPGxKxxpxxPNGxnrxxxxPSxlxpxxxPxL','p');
insert into kifread values( 32,73,74,'p',false,false,'','lxxpxxPxLnxpxxPxRNxgspxxPxxkbpxxxPxxxxxpxPSxBgspxxPGxKxxpxxPNGxnrxxxxPSxlxpxxxPxL','p');
insert into kifread values( 33,37,36,'P',false, true,'','lxxpxxPxLnxpxxPxRNxgspxxPxxkbpxxxPxxxxxpxPSxBgspxxPGxKxxxpxPNGxnrxxxxPSxlxpxxxPxL','p');
insert into kifread values( 34,42,64,'b',false,false,'','lxxpxxPxLnxpxxPxRNxgspxPxxxkbpxxxPxxxxxpxPSxBgspxxPGxKxxxpxPNGxnrxxxxPSxlxpxxxPxL','p');
insert into kifread values( 35,28,18,'R',false, true,'','lxxpxxPxLnxpxxPxRNxgspxPxxxkxpxxxPxxxxxpxPSxBgspbxPGxKxxxpxPNGxnrxxxxPSxlxpxxxPxL','p');
insert into kifread values( 36,33,44,'s',false,false,'','lxxpxxPRLnxpxxPxxNxgspxPxxxkxpxxxPxxxxxpxPSxBgspbxPGxKxxxpxPNGxnrxxxxPSxlxpxxxPxL','p');
insert into kifread values( 37,57,46,'S',false, true,'','lxxpxxPRLnxpxxPxxNxgxpxPxxxkxpsxxPxxxxxpxPSxBgspbxPGxKxxxpxPNGxnrxxxxPSxlxpxxxPxL','p');
insert into kifread values( 38,62,53,'s',false,false,'','lxxpxxPRLnxpxxPxxNxgxpxPxxxkxpsxSPxxxxxpxPxxBgspbxPGxKxxxpxPNGxnrxxxxPSxlxpxxxPxL','p');
insert into kifread values( 39,69,79,'K',false, true,'','lxxpxxPRLnxpxxPxxNxgxpxPxxxkxpsxSPxxxxspxPxxBgxpbxPGxKxxxpxPNGxnrxxxxPSxlxpxxxPxL','p');
insert into kifread values( 40,41,31,'k',false,false,'','lxxpxxPRLnxpxxPxxNxgxpxPxxxkxpsxSPxxxxspxPxxBgxpbxPGxxxxxpxPNGKnrxxxxPSxlxpxxxPxL','p');
insert into kifread values( 41,79,89,'K',false, true,'','lxxpxxPRLnxpxxPxxNkgxpxPxxxxxpsxSPxxxxspxPxxBgxpbxPGxxxxxpxPNGKnrxxxxPSxlxpxxxPxL','p');
insert into kifread values( 42,93,94,'p',false,false,'','lxxpxxPRLnxpxxPxxNkgxpxPxxxxxpsxSPxxxxspxPxxBgxpbxPGxxxxxpxPNGxnrxxxxPSKlxpxxxPxL','p');
insert into kifread values( 43,17,16,'P',false, true,'','lxxpxxPRLnxpxxPxxNkgxpxPxxxxxpsxSPxxxxspxPxxBgxpbxPGxxxxxpxPNGxnrxxxxPSKlxxpxxPxL','p');
insert into kifread values( 44,53,42,'s',false,false,'','lxxpxPxRLnxpxxPxxNkgxpxPxxxxxpsxSPxxxxspxPxxBgxpbxPGxxxxxpxPNGxnrxxxxPSKlxxpxxPxL','p');
insert into kifread values( 45,29,37,'N',false, true,'','lxxpxPxRLnxpxxPxxNkgxpxPxxxxspsxSPxxxxxpxPxxBgxpbxPGxxxxxpxPNGxnrxxxxPSKlxxpxxPxL','p');
insert into kifread values( 46,82,52,'r',false,false,'','lxxpxPxRLnxpxxPxxxkgxpxPNxxxspsxSPxxxxxpxPxxBgxpbxPGxxxxxpxPNGxnrxxxxPSKlxxpxxPxL','p');
insert into kifread values( 47,37,45,'N',false, true,'','lxxpxPxRLnxpxxPxxxkgxpxPNxxxspsxSPxxxrxpxPxxBgxpbxPGxxxxxpxPNGxnxxxxxPSKlxxpxxPxL','p');
insert into kifread values( 48,52,51,'r',false,false,'','lxxpxPxRLnxpxxPxxxkgxpxPxxxxspsNSPxxxrxpxPxxBgxpbxPGxxxxxpxPNGxnxxxxxPSKlxxpxxPxL','p');
insert into kifread values( 49,59,48,'B',false, true,'','lxxpxPxRLnxpxxPxxxkgxpxPxxxxspsNSPxxrxxpxPxxBgxpbxPGxxxxxpxPNGxnxxxxxPSKlxxpxxPxL','p');
insert into kifread values( 50,54,55,'p',false,false,'','lxxpxPxRLnxpxxPxxxkgxpxPxxxxspsNSPBxrxxpxPxxxgxpbxPGxxxxxpxPNGxnxxxxxPSKlxxpxxPxL','p');
insert into kifread values( 51,66,65,'P',false, true,'','lxxpxPxRLnxpxxPxxxkgxpxPxxxxspsNSPBxrxxxpPxxxgxpbxPGxxxxxpxPNGxnxxxxxPSKlxxpxxPxL','p');
insert into kifread values( 52,64,73,'b',false,false,'','lxxpxPxRLnxpxxPxxxkgxpxPxxxxspsNSPBxrxxxpPxxxgxpbPxGxxxxxpxPNGxnxxxxxPSKlxxpxxPxL','p');
insert into kifread values( 53,56,55,'P',false, true,'','lxxpxPxRLnxpxxPxxxkgxpxPxxxxspsNSPBxrxxxpPxxxgxpxPxGxxxxbpxPNGxnxxxxxPSKlxxpxxPxL','p');
insert into kifread values( 54,44,55,'s',false,false,'P','lxxpxPxRLnxpxxPxxxkgxpxPxxxxspsNSPBxrxxxPxxxxgxpxPxGxxxxbpxPNGxnxxxxxPSKlxxpxxPxL','p');
insert into kifread values( 55,46,55,'S',false, true,'P','lxxpxPxRLnxpxxPxxxkgxpxPxxxxspxNSPBxrxxxsxxxxgxpxPxGxxxxbpxPNGxnxxxxxPSKlxxpxxPxL','pp');
insert into kifread values( 56,51,55,'r',false,false,'SP','lxxpxPxRLnxpxxPxxxkgxpxPxxxxspxNxPBxrxxxSxxxxgxpxPxGxxxxbpxPNGxnxxxxxPSKlxxpxxPxL','pp');
insert into kifread values( 57,77,85,'N',false, true,'SP','lxxpxPxRLnxpxxPxxxkgxpxPxxxxspxNxPBxxxxxrxxxxgxpxPxGxxxxbpxPNGxnxxxxxPSKlxxpxxPxL','spp');
insert into kifread values( 58,73,95,'b',false,false,'SP','lxxpxPxRLnxpxxPxxxkgxpxPxxxxspxNxPBxxxxxrxxxxgxpxPxGxxxxbpxPxGxnxxxNxPSKlxxpxxPxL','spp');
insert into kifread values( 59, 0,56,'S',false, true,'SP','lxxpxPxRLnxpxxPxxxkgxpxPxxxxspxNxPBxxxxxrxxxxgxpxPxGxxxxxpxPxGxnxxxNxPSKlxxpbxPxL','spp');
insert into kifread values( 60,55,51,'r',false,false,'P','lxxpxPxRLnxpxxPxxxkgxpxPxxxxspxNxPBxxxxxrSxxxgxpxPxGxxxxxpxPxGxnxxxNxPSKlxxpbxPxL','spp');
insert into kifread values( 61, 0,53,'P',false, true,'P','lxxpxPxRLnxpxxPxxxkgxpxPxxxxspxNxPBxrxxxxSxxxgxpxPxGxxxxxpxPxGxnxxxNxPSKlxxpbxPxL','spp');
insert into kifread values( 62, 0,44,'s',false,false,'','lxxpxPxRLnxpxxPxxxkgxpxPxxxxspxNxPBxrxPxxSxxxgxpxPxGxxxxxpxPxGxnxxxNxPSKlxxpbxPxL','spp');
insert into kifread values( 63,47,46,'P',false, true,'','lxxpxPxRLnxpxxPxxxkgxpxPxxxxspsNxPBxrxPxxSxxxgxpxPxGxxxxxpxPxGxnxxxNxPSKlxxpbxPxL','pp');
insert into kifread values( 64, 0,55,'p',false,false,'','lxxpxPxRLnxpxxPxxxkgxpxPxxxxspsNPxBxrxPxxSxxxgxpxPxGxxxxxpxPxGxnxxxNxPSKlxxpbxPxL','pp');
insert into kifread values( 65,56,47,'S',false, true,'','lxxpxPxRLnxpxxPxxxkgxpxPxxxxspsNPxBxrxPxpSxxxgxpxPxGxxxxxpxPxGxnxxxNxPSKlxxpbxPxL','p');
insert into kifread values( 66,95,62,'b',false,false,'','lxxpxPxRLnxpxxPxxxkgxpxPxxxxspsNPSBxrxPxpxxxxgxpxPxGxxxxxpxPxGxnxxxNxPSKlxxpbxPxL','p');
insert into kifread values( 67,65,64,'P',false, true,'','lxxpxPxRLnxpxxPxxxkgxpxPxxxxspsNPSBxrxPxpxxxxgbpxPxGxxxxxpxPxGxnxxxNxPSKlxxpxxPxL','p');
insert into kifread values( 68,61,72,'g',false,false,'','lxxpxPxRLnxpxxPxxxkgxpxPxxxxspsNPSBxrxPxpxxxxgbpPxxGxxxxxpxPxGxnxxxNxPSKlxxpxxPxL','p');
insert into kifread values( 69,26,25,'P',false, true,'','lxxpxPxRLnxpxxPxxxkgxpxPxxxxspsNPSBxrxPxpxxxxxbpPxxGxxxgxpxPxGxnxxxNxPSKlxxpxxPxL','p');
insert into kifread values( 70,63,64,'p',false,false,'','lxxpxPxRLnxpxPxxxxkgxpxPxxxxspsNPSBxrxPxpxxxxxbpPxxGxxxgxpxPxGxnxxxNxPSKlxxpxxPxL','p');
insert into kifread values( 71,16,15,'P',false, true,'','lxxpxPxRLnxpxPxxxxkgxpxPxxxxspsNPSBxrxPxpxxxxxbxpxxGxxxgxpxPxGxnxxxNxPSKlxxpxxPxL','pp');
insert into kifread values( 72,14,15,'p',false,false,'','lxxpPxxRLnxpxPxxxxkgxpxPxxxxspsNPSBxrxPxpxxxxxbxpxxGxxxgxpxPxGxnxxxNxPSKlxxpxxPxL','pp');
insert into kifread values( 73,48,15,'B',false, true,'','lxxxpxxRLnxpxPxxxxkgxpxPxxxxspsNPSBxrxPxpxxxxxbxpxxGxxxgxpxPxGxnxxxNxPSKlxxpxxPxL','ppp');
insert into kifread values( 74, 0,17,'p',false,false,'P','lxxxBxxRLnxpxPxxxxkgxpxPxxxxspsNPSxxrxPxpxxxxxbxpxxGxxxgxpxPxGxnxxxNxPSKlxxpxxPxL','ppp');
insert into kifread values( 75,18,17,'R',false, true,'P','lxxxBxpRLnxpxPxxxxkgxpxPxxxxspsNPSxxrxPxpxxxxxbxpxxGxxxgxpxPxGxnxxxNxPSKlxxpxxPxL','pp');
insert into kifread values( 76, 0,14,'p',false,false,'PP','lxxxBxRxLnxpxPxxxxkgxpxPxxxxspsNPSxxrxPxpxxxxxbxpxxGxxxgxpxPxGxnxxxNxPSKlxxpxxPxL','pp');
insert into kifread values( 77,15,42,'B', true, true,'PP','lxxpBxRxLnxpxPxxxxkgxpxPxxxxspsNPSxxrxPxpxxxxxbxpxxGxxxgxpxPxGxnxxxNxPSKlxxpxxPxL','p');
insert into kifread values( 78,31,42,'k',false,false,'SPP','lxxpxxRxLnxpxPxxxxkgxpxPxxxxHpsNPSxxrxPxpxxxxxbxpxxGxxxgxpxPxGxnxxxNxPSKlxxpxxPxL','p');
insert into kifread values( 79,53,52,'P', true, true,'SPP','lxxpxxRxLnxpxPxxxxxgxpxPxxxxkpsNPSxxrxPxpxxxxxbxpxxGxxxgxpxPxGxnxxxNxPSKlxxpxxPxL','bp');
insert into kifread values( 80,42,52,'k',false,false,'SPP','lxxpxxRxLnxpxPxxxxxgxpxPxxxxkpsNPSxxrQxxpxxxxxbxpxxGxxxgxpxPxGxnxxxNxPSKlxxpxxPxL','bp');
insert into kifread values( 81, 0,54,'P',false, true,'SPP','lxxpxxRxLnxpxPxxxxxgxpxPxxxxxpsNPSxxrkxxpxxxxxbxpxxGxxxgxpxPxGxnxxxNxPSKlxxpxxPxL','bpp');
insert into kifread values( 82,52,63,'k',false,false,'SP','lxxpxxRxLnxpxPxxxxxgxpxPxxxxxpsNPSxxrkxPpxxxxxbxpxxGxxxgxpxPxGxnxxxNxPSKlxxpxxPxL','bpp');
insert into kifread values( 83, 0,53,'S',false, true,'SP','lxxpxxRxLnxpxPxxxxxgxpxPxxxxxpsNPSxxrxxPpxxxxxbkpxxGxxxgxpxPxGxnxxxNxPSKlxxpxxPxL','bpp');
insert into kifread values( 84,63,54,'k',false,false,'P','lxxpxxRxLnxpxPxxxxxgxpxPxxxxxpsNPSxxrxSPpxxxxxbkpxxGxxxgxpxPxGxnxxxNxPSKlxxpxxPxL','bpp');
insert into kifread values( 85,53,62,'S', true, true,'P','lxxpxxRxLnxpxPxxxxxgxpxPxxxxxpsNPSxxrxSkpxxxxxbxpxxGxxxgxpxPxGxnxxxNxPSKlxxpxxPxL','bppp');
insert into kifread values( 86,72,62,'g',false,false,'BP','lxxpxxRxLnxpxPxxxxxgxpxPxxxxxpsNPSxxrxxkpxxxxxTxpxxGxxxgxpxPxGxnxxxNxPSKlxxpxxPxL','bppp');
insert into kifread values( 87, 0,82,'B',false, true,'BP','lxxpxxRxLnxpxPxxxxxgxpxPxxxxxpsNPSxxrxxkpxxxxxgxpxxGxxxxxpxPxGxnxxxNxPSKlxxpxxPxL','bsppp');
insert into kifread values( 88, 0,84,'p',false,false,'P','lxxpxxRxLnxpxPxxxxxgxpxPxxxxxpsNPSxxrxxkpxxxxxgxpxxGxxxxxpxPxGxnBxxNxPSKlxxpxxPxL','bsppp');
insert into kifread values( 89,82,91,'B', true, true,'P','lxxpxxRxLnxpxPxxxxxgxpxPxxxxxpsNPSxxrxxkpxxxxxgxpxxGxxxxxpxPxGxnBxpNxPSKlxxpxxPxL','bspp');
insert into kifread values( 90,84,85,'p',false,false,'LP','lxxpxxRxLnxpxPxxxxxgxpxPxxxxxpsNPSxxrxxkpxxxxxgxpxxGxxxxxpxPxGxnxxpNxPSKHxxpxxPxL','bspp');
insert into kifread values( 91, 0,84,'L',false, true,'LP','lxxpxxRxLnxpxPxxxxxgxpxPxxxxxpsNPSxxrxxkpxxxxxgxpxxGxxxxxpxPxGxnxxxpxPSKHxxpxxPxL','bsnpp');
insert into kifread values( 92,81,93,'n',false,false,'P','lxxpxxRxLnxpxPxxxxxgxpxPxxxxxpsNPSxxrxxkpxxxxxgxpxxGxxxxxpxPxGxnxxLpxPSKHxxpxxPxL','bsnpp');
insert into kifread values( 93,91,92,'H',false, true,'P','lxxpxxRxLnxpxPxxxxxgxpxPxxxxxpsNPSxxrxxkpxxxxxgxpxxGxxxxxpxPxGxxxxLpxPSKHxnpxxPxL','bsnpp');
insert into kifread values( 94, 0,39,'b',false,false,'P','lxxpxxRxLnxpxPxxxxxgxpxPxxxxxpsNPSxxrxxkpxxxxxgxpxxGxxxxxpxPxGxxxxLpxPSKxHnpxxPxL','bsnpp');
insert into kifread values( 95,92,93,'H',false, true,'P','lxxpxxRxLnxpxPxxxxxgxpxPxxbxxpsNPSxxrxxkpxxxxxgxpxxGxxxxxpxPxGxxxxLpxPSKxHnpxxPxL','snpp');
insert into kifread values( 96,44,45,'s',false,false,'NP','lxxpxxRxLnxpxPxxxxxgxpxPxxbxxpsNPSxxrxxkpxxxxxgxpxxGxxxxxpxPxGxxxxLpxPSKxxHpxxPxL','snpp');
insert into kifread values( 97,17,27,'R',false, true,'NP','lxxpxxRxLnxpxPxxxxxgxpxPxxbxxpxsPSxxrxxkpxxxxxgxpxxGxxxxxpxPxGxxxxLpxPSKxxHpxxPxL','snnpp');
insert into kifread values( 98, 0,66,'n',false,false,'NP','lxxpxxxxLnxpxPxRxxxgxpxPxxbxxpxsPSxxrxxkpxxxxxgxpxxGxxxxxpxPxGxxxxLpxPSKxxHpxxPxL','snnpp');
insert into kifread values( 99,67,66,'G',false, true,'NP','lxxpxxxxLnxpxPxRxxxgxpxPxxbxxpxsPSxxrxxkpxxxxxgxpxnGxxxxxpxPxGxxxxLpxPSKxxHpxxPxL','snpp');
insert into kifread values(100,39,66,'b', true,false,'NNP','lxxpxxxxLnxpxPxRxxxgxpxPxxbxxpxsPSxxrxxkpxxxxxgxpxGxxxxxxpxPxGxxxxLpxPSKxxHpxxPxL','snpp');
insert into kifread values(101, 0,67,'P',false, true,'NNP','lxxpxxxxLnxpxPxRxxxgxpxPxxxxxpxsPSxxrxxkpxxxxxgxpxhxxxxxxpxPxGxxxxLpxPSKxxHpxxPxL','gsnpp');
insert into kifread values(102,66,57,'h',false,false,'NN','lxxpxxxxLnxpxPxRxxxgxpxPxxxxxpxsPSxxrxxkpxxxxxgxpxhPxxxxxpxPxGxxxxLpxPSKxxHpxxPxL','gsnpp');
insert into kifread values(103, 0,69,'N',false, true,'NN','lxxpxxxxLnxpxPxRxxxgxpxPxxxxxpxsPSxxrxxkpxhxxxgxpxxPxxxxxpxPxGxxxxLpxPSKxxHpxxPxL','gsnpp');
insert into kifread values(104,57,48,'h',false,false,'N','lxxpxxxxLnxpxPxRxxxgxpxPxxxxxpxsPSxxrxxkpxhxxxgxpxxPxNxxxpxPxGxxxxLpxPSKxxHpxxPxL','gsnpp');
insert into kifread values(105,84,83,'L', true, true,'N','lxxpxxxxLnxpxPxRxxxgxpxPxxxxxpxsPShxrxxkpxxxxxgxpxxPxNxxxpxPxGxxxxLpxPSKxxHpxxPxL','gsnpp');
insert into kifread values(106,48,93,'h',false,false,'N','lxxpxxxxLnxpxPxRxxxgxpxPxxxxxpxsPShxrxxkpxxxxxgxpxxPxNxxxpxPxGxxxMxpxPSKxxHpxxPxL','gsnpp');
insert into kifread values(107,83,93,'M',false, true,'N','lxxpxxxxLnxpxPxRxxxgxpxPxxxxxpxsPSxxrxxkpxxxxxgxpxxPxNxxxpxPxGxxxMxpxPSKxxhpxxPxL','bgsnpp');
insert into kifread values(108,85,86,'p',false,false,'BN','lxxpxxxxLnxpxPxRxxxgxpxPxxxxxpxsPSxxrxxkpxxxxxgxpxxPxNxxxpxPxGxxxxxpxPSKxxMpxxPxL','bgsnpp');
insert into kifread values(109,46,45,'P',false, true,'BN','lxxpxxxxLnxpxPxRxxxgxpxPxxxxxpxsPSxxrxxkpxxxxxgxpxxPxNxxxpxPxGxxxxxxpPSKxxMpxxPxL','bgsnpp');
insert into kifread values(110, 0,95,'n',false,false,'BSN','lxxpxxxxLnxpxPxRxxxgxpxPxxxxxpxPxSxxrxxkpxxxxxgxpxxPxNxxxpxPxGxxxxxxpPSKxxMpxxPxL','bgsnpp');
insert into kifread values(111, 0,84,'B',false, true,'BSN','lxxpxxxxLnxpxPxRxxxgxpxPxxxxxpxPxSxxrxxkpxxxxxgxpxxPxNxxxpxPxGxxxxxxpPSKxxMpnxPxL','bgspp');
insert into kifread values(112, 0,73,'s',false,false,'SN','lxxpxxxxLnxpxPxRxxxgxpxPxxxxxpxPxSxxrxxkpxxxxxgxpxxPxNxxxpxPxGxxxxBxpPSKxxMpnxPxL','bgspp');
insert into kifread values(113,84,73,'B', true, true,'SN','lxxpxxxxLnxpxPxRxxxgxpxPxxxxxpxPxSxxrxxkpxxxxxgxpxxPxNxxspxPxGxxxxBxpPSKxxMpnxPxL','bgpp');
insert into kifread values(114,62,73,'g',false,false,'SSN','lxxpxxxxLnxpxPxRxxxgxpxPxxxxxpxPxSxxrxxkpxxxxxgxpxxPxNxxHpxPxGxxxxxxpPSKxxMpnxPxL','bgpp');
insert into kifread values(115, 0,62,'S',false, true,'SSN','lxxpxxxxLnxpxPxRxxxgxpxPxxxxxpxPxSxxrxxkpxxxxxxxpxxPxNxxgpxPxGxxxxxxpPSKxxMpnxPxL','bbgpp');
insert into kifread values(116,86,87,'p', true,false,'SN','lxxpxxxxLnxpxPxRxxxgxpxPxxxxxpxPxSxxrxxkpxxxxxSxpxxPxNxxgpxPxGxxxxxxpPSKxxMpnxPxL','bbgpp');
insert into kifread values(117,62,51,'S',false, true,'SN','lxxpxxxxLnxpxPxRxxxgxpxPxxxxxpxPxSxxrxxkpxxxxxSxpxxPxNxxgpxPxGxxxxxxxqSKxxMpnxPxL','bbgppp');
insert into kifread values(118,87,88,'q',false,false,'RSN','lxxpxxxxLnxpxPxRxxxgxpxPxxxxxpxPxSxxSxxkpxxxxxxxpxxPxNxxgpxPxGxxxxxxxqSKxxMpnxPxL','bbgppp');
insert into kifread values(119,78,88,'G',false, true,'RSN','lxxpxxxxLnxpxPxRxxxgxpxPxxxxxpxPxSxxSxxkpxxxxxxxpxxPxNxxgpxPxGxxxxxxxxqKxxMpnxPxL','bbgsppp');
insert into kifread values(120, 0,68,'b',false,false,'RSNP','lxxpxxxxLnxpxPxRxxxgxpxPxxxxxpxPxSxxSxxkpxxxxxxxpxxPxNxxgpxPxxxxxxxxxxGKxxMpnxPxL','bbgsppp');
insert into kifread values(121,89,78,'K',false, true,'RSNP','lxxpxxxxLnxpxPxRxxxgxpxPxxxxxpxPxSxxSxxkpxxxxxxxpxxPbNxxgpxPxxxxxxxxxxGKxxMpnxPxL','bgsppp');
insert into kifread values(122, 0,59,'b',false,false,'RSNP','lxxpxxxxLnxpxPxRxxxgxpxPxxxxxpxPxSxxSxxkpxxxxxxxpxxPbNxxgpxPxKxxxxxxxxGxxxMpnxPxL','bgsppp');
insert into kifread values(123, 0,52,'R',false, true,'RSNP','lxxpxxxxLnxpxPxRxxxgxpxPxxxxxpxPxSxxSxxkpxxxbxxxpxxPbNxxgpxPxKxxxxxxxxGxxxMpnxPxL','gsppp');
insert into kifread values(124, 0,53,'s',false,false,'SNP','lxxpxxxxLnxpxPxRxxxgxpxPxxxxxpxPxSxxSRxkpxxxbxxxpxxPbNxxgpxPxKxxxxxxxxGxxxMpnxPxL','gsppp');
insert into kifread values(125,67,66,'P',false, true,'SNP','lxxpxxxxLnxpxPxRxxxgxpxPxxxxxpxPxSxxSRskpxxxbxxxpxxPbNxxgpxPxKxxxxxxxxGxxxMpnxPxL','gppp');
insert into kifread values(126, 0,87,'p',false,false,'SNP','lxxpxxxxLnxpxPxRxxxgxpxPxxxxxpxPxSxxSRskpxxxbxxxpxPxbNxxgpxPxKxxxxxxxxGxxxMpnxPxL','gppp');
insert into kifread values(    127, null, null, null, null, true,    'SNP', 'lxxpxxxxLnxpxPxRxxxgxpxPxxxxxpxPxSxxSRskpxxxbxxxpxPxbNxxgpxPxKxxxxxxxpGxxxMpnxPxL', 'gpp');select kif_insert(1, '2003-09-08', '羽生善治', '谷川浩司', 'w');
I, [2010-05-19T17:55:07.610516 #6749]  INFO -- : (0.000497s) SET standard_conforming_strings = ON
I, [2010-05-19T17:55:07.610880 #6749]  INFO -- : (0.000207s) SET client_min_messages = 'WARNING'
I, [2010-05-19T17:55:07.611120 #6749]  INFO -- : (0.000153s) SET DateStyle = 'ISO'
E, [2010-05-19T17:55:07.809792 #6749] ERROR -- : PGError: ERROR:  duplicate key value violates unique constraint "kifs_id2ch_key"
CONTEXT:  SQL statement "insert into kifs (id2ch, tesu, gdate, black, white, result, kif) values( $1 ,  $2 ,  $3 ,  $4 ,  $5 ,  $6 ,  $7 )"
PL/pgSQL function "kif_insert" line 92 at SQL statement: delete from kifread;delete from new_boards;delete from new_moves;insert into kifread values(  1,77,76,'P',false, true,'','lxpxxxPxLnbpxxxPRNsxpxxxPxSgxpxxxPxGkxpxxxPxKgxpxxxPxGsxpxxxPxSnrpxxxPBNlxpxxxPxL','');
insert into kifread values(  2,33,34,'p',false,false,'','lxpxxxPxLnbpxxxPRNsxpxxxPxSgxpxxxPxGkxpxxxPxKgxpxxxPxGsxpxxPxxSnrpxxxPBNlxpxxxPxL','');
insert into kifread values(  3,27,26,'P',false, true,'','lxpxxxPxLnbpxxxPRNsxxpxxPxSgxpxxxPxGkxpxxxPxKgxpxxxPxGsxpxxPxxSnrpxxxPBNlxpxxxPxL','');
insert into kifread values(  4,41,32,'g',false,false,'','lxpxxxPxLnbpxxPxRNsxxpxxPxSgxpxxxPxGkxpxxxPxKgxpxxxPxGsxpxxPxxSnrpxxxPBNlxpxxxPxL','');
insert into kifread values(  5,69,78,'G',false, true,'','lxpxxxPxLnbpxxPxRNsgxpxxPxSxxpxxxPxGkxpxxxPxKgxpxxxPxGsxpxxPxxSnrpxxxPBNlxpxxxPxL','');
insert into kifread values(  6,83,84,'p',false,false,'','lxpxxxPxLnbpxxPxRNsgxpxxPxSxxpxxxPxGkxpxxxPxKgxpxxxPxxsxpxxPxGSnrpxxxPBNlxpxxxPxL','');
insert into kifread values(  7,26,25,'P',false, true,'','lxpxxxPxLnbpxxPxRNsgxpxxPxSxxpxxxPxGkxpxxxPxKgxpxxxPxxsxpxxPxGSnrxpxxPBNlxpxxxPxL','');
insert into kifread values(  8,84,85,'p',false,false,'','lxpxxxPxLnbpxPxxRNsgxpxxPxSxxpxxxPxGkxpxxxPxKgxpxxxPxxsxpxxPxGSnrxpxxPBNlxpxxxPxL','');
insert into kifread values(  9,25,24,'P',false, true,'','lxpxxxPxLnbpxPxxRNsgxpxxPxSxxpxxxPxGkxpxxxPxKgxpxxxPxxsxpxxPxGSnrxxpxPBNlxpxxxPxL','');
insert into kifread values( 10,23,24,'p',false,false,'','lxpxxxPxLnbpPxxxRNsgxpxxPxSxxpxxxPxGkxpxxxPxKgxpxxxPxxsxpxxPxGSnrxxpxPBNlxpxxxPxL','');
insert into kifread values( 11,28,24,'R',false, true,'','lxpxxxPxLnbxpxxxRNsgxpxxPxSxxpxxxPxGkxpxxxPxKgxpxxxPxxsxpxxPxGSnrxxpxPBNlxpxxxPxL','p');
insert into kifread values( 12,85,86,'p',false,false,'P','lxpxxxPxLnbxRxxxxNsgxpxxPxSxxpxxxPxGkxpxxxPxKgxpxxxPxxsxpxxPxGSnrxxpxPBNlxpxxxPxL','p');
insert into kifread values( 13,87,86,'P',false, true,'P','lxpxxxPxLnbxRxxxxNsgxpxxPxSxxpxxxPxGkxpxxxPxKgxpxxxPxxsxpxxPxGSnrxxxpPBNlxpxxxPxL','p');
insert into kifread values( 14,82,86,'r',false,false,'PP','lxpxxxPxLnbxRxxxxNsgxpxxPxSxxpxxxPxGkxpxxxPxKgxpxxxPxxsxpxxPxGSnrxxxPxBNlxpxxxPxL','p');
insert into kifread values( 15,24,34,'R',false, true,'PP','lxpxxxPxLnbxRxxxxNsgxpxxPxSxxpxxxPxGkxpxxxPxKgxpxxxPxxsxpxxPxGSnxxxxrxBNlxpxxxPxL','pp');
insert into kifread values( 16,22,33,'b',false,false,'PPP','lxpxxxPxLnbxxxxxxNsgxRxxPxSxxpxxxPxGkxpxxxPxKgxpxxxPxxsxpxxPxGSnxxxxrxBNlxpxxxPxL','pp');
insert into kifread values( 17,34,36,'R',false, true,'PPP','lxpxxxPxLnxxxxxxxNsgbRxxPxSxxpxxxPxGkxpxxxPxKgxpxxxPxxsxpxxPxGSnxxxxrxBNlxpxxxPxL','pp');
insert into kifread values( 18,51,41,'k',false,false,'PPP','lxpxxxPxLnxxxxxxxNsgbxxRPxSxxpxxxPxGkxpxxxPxKgxpxxxPxxsxpxxPxGSnxxxxrxBNlxpxxxPxL','pp');
insert into kifread values( 19, 0,87,'P',false, true,'PPP','lxpxxxPxLnxxxxxxxNsgbxxRPxSkxpxxxPxGxxpxxxPxKgxpxxxPxxsxpxxPxGSnxxxxrxBNlxpxxxPxL','pp');
insert into kifread values( 20,86,85,'r',false,false,'PP','lxpxxxPxLnxxxxxxxNsgbxxRPxSkxpxxxPxGxxpxxxPxKgxpxxxPxxsxpxxPxGSnxxxxrPBNlxpxxxPxL','pp');
insert into kifread values( 21,36,26,'R',false, true,'PP','lxpxxxPxLnxxxxxxxNsgbxxRPxSkxpxxxPxGxxpxxxPxKgxpxxxPxxsxpxxPxGSnxxxrxPBNlxpxxxPxL','pp');
insert into kifread values( 22,31,22,'s',false,false,'PP','lxpxxxPxLnxxxxRxxNsgbxxxPxSkxpxxxPxGxxpxxxPxKgxpxxxPxxsxpxxPxGSnxxxrxPBNlxpxxxPxL','pp');
insert into kifread values( 23,59,68,'K',false, true,'PP','lxpxxxPxLnsxxxRxxNxgbxxxPxSkxpxxxPxGxxpxxxPxKgxpxxxPxxsxpxxPxGSnxxxrxPBNlxpxxxPxL','pp');
insert into kifread values( 24,71,62,'s',false,false,'PP','lxpxxxPxLnsxxxRxxNxgbxxxPxSkxpxxxPxGxxpxxxPxxgxpxxxPKxsxpxxPxGSnxxxrxPBNlxpxxxPxL','pp');
insert into kifread values( 25,39,38,'S',false, true,'PP','lxpxxxPxLnsxxxRxxNxgbxxxPxSkxpxxxPxGxxpxxxPxxgspxxxPKxxxpxxPxGSnxxxrxPBNlxpxxxPxL','pp');
insert into kifread values( 26,61,51,'g',false,false,'PP','lxpxxxPxLnsxxxRxxNxgbxxxPSxkxpxxxPxGxxpxxxPxxgspxxxPKxxxpxxPxGSnxxxrxPBNlxpxxxPxL','pp');
insert into kifread values( 27,37,36,'P',false, true,'PP','lxpxxxPxLnsxxxRxxNxgbxxxPSxkxpxxxPxGgxpxxxPxxxspxxxPKxxxpxxPxGSnxxxrxPBNlxpxxxPxL','pp');
insert into kifread values( 28,73,74,'p',false,false,'PP','lxpxxxPxLnsxxxRxxNxgbxxPxSxkxpxxxPxGgxpxxxPxxxspxxxPKxxxpxxPxGSnxxxrxPBNlxpxxxPxL','pp');
insert into kifread values( 29,36,35,'P',false, true,'PP','lxpxxxPxLnsxxxRxxNxgbxxPxSxkxpxxxPxGgxpxxxPxxxspxxxPKxxxxpxPxGSnxxxrxPBNlxpxxxPxL','pp');
insert into kifread values( 30,81,73,'n',false,false,'PP','lxpxxxPxLnsxxxRxxNxgbxPxxSxkxpxxxPxGgxpxxxPxxxspxxxPKxxxxpxPxGSnxxxrxPBNlxpxxxPxL','pp');
insert into kifread values( 31,88,33,'B', true, true,'PP','lxpxxxPxLnsxxxRxxNxgbxPxxSxkxpxxxPxGgxpxxxPxxxspxxxPKxxxnpxPxGSxxxxrxPBNlxpxxxPxL','pp');
insert into kifread values( 32,21,33,'n',false,false,'BPP','lxpxxxPxLnsxxxRxxNxgHxPxxSxkxpxxxPxGgxpxxxPxxxspxxxPKxxxnpxPxGSxxxxrxPxNlxpxxxPxL','pp');
insert into kifread values( 33,35,34,'P',false, true,'BPP','lxpxxxPxLxsxxxRxxNxgnxPxxSxkxpxxxPxGgxpxxxPxxxspxxxPKxxxnpxPxGSxxxxrxPxNlxpxxxPxL','bpp');
insert into kifread values( 34,33,45,'n',false,false,'BPP','lxpxxxPxLxsxxxRxxNxgnPxxxSxkxpxxxPxGgxpxxxPxxxspxxxPKxxxnpxPxGSxxxxrxPxNlxpxxxPxL','bpp');
insert into kifread values( 35,34,33,'P', true, true,'BPP','lxpxxxPxLxsxxxRxxNxgxPxxxSxkxpxnxPxGgxpxxxPxxxspxxxPKxxxnpxPxGSxxxxrxPxNlxpxxxPxL','bpp');
insert into kifread values( 36,45,57,'n', true,false,'BPP','lxpxxxPxLxsxxxRxxNxgQxxxxSxkxpxnxPxGgxpxxxPxxxspxxxPKxxxnpxPxGSxxxxrxPxNlxpxxxPxL','bpp');
insert into kifread values( 37,68,57,'K',false, true,'BPP','lxpxxxPxLxsxxxRxxNxgQxxxxSxkxpxxxPxGgxpxxxoxxxspxxxPKxxxnpxPxGSxxxxrxPxNlxpxxxPxL','bppp');
insert into kifread values( 38, 0,35,'b',false,false,'BNPP','lxpxxxPxLxsxxxRxxNxgQxxxxSxkxpxxxPxGgxpxxxKxxxspxxxPxxxxnpxPxGSxxxxrxPxNlxpxxxPxL','bppp');
insert into kifread values( 39,57,58,'K',false, true,'BNPP','lxpxxxPxLxsxxxRxxNxgQxbxxSxkxpxxxPxGgxpxxxKxxxspxxxPxxxxnpxPxGSxxxxrxPxNlxpxxxPxL','ppp');
insert into kifread values( 40,35,26,'b',false,false,'BNPP','lxpxxxPxLxsxxxRxxNxgQxbxxSxkxpxxxPxGgxpxxxxKxxspxxxPxxxxnpxPxGSxxxxrxPxNlxpxxxPxL','ppp');
insert into kifread values( 41,33,32,'Q',false, true,'BNPP','lxpxxxPxLxsxxxbxxNxgQxxxxSxkxpxxxPxGgxpxxxxKxxspxxxPxxxxnpxPxGSxxxxrxPxNlxpxxxPxL','rppp');
insert into kifread values( 42,41,32,'k',false,false,'BGNPP','lxpxxxPxLxsxxxbxxNxQxxxxxSxkxpxxxPxGgxpxxxxKxxspxxxPxxxxnpxPxGSxxxxrxPxNlxpxxxPxL','rppp');
insert into kifread values( 43, 0,66,'B',false, true,'BGNPP','lxpxxxPxLxsxxxbxxNxkxxxxxSxxxpxxxPxGgxpxxxxKxxspxxxPxxxxnpxPxGSxxxxrxPxNlxpxxxPxL','rpppp');
insert into kifread values( 44,26,44,'b',false,false,'GNPP','lxpxxxPxLxsxxxbxxNxkxxxxxSxxxpxxxPxGgxpxxxxKxxspxxBPxxxxnpxPxGSxxxxrxPxNlxpxxxPxL','rpppp');
insert into kifread values( 45,66,44,'B',false, true,'GNPP','lxpxxxPxLxsxxxxxxNxkxxxxxSxxxpbxxPxGgxpxxxxKxxspxxBPxxxxnpxPxGSxxxxrxPxNlxpxxxPxL','rpppp');
insert into kifread values( 46,43,44,'p',false,false,'BGNPP','lxpxxxPxLxsxxxxxxNxkxxxxxSxxxpBxxPxGgxpxxxxKxxspxxxPxxxxnpxPxGSxxxxrxPxNlxpxxxPxL','rpppp');
insert into kifread values( 47,79,68,'S',false, true,'BGNPP','lxpxxxPxLxsxxxxxxNxkxxxxxSxxxxpxxPxGgxpxxxxKxxspxxxPxxxxnpxPxGSxxxxrxPxNlxpxxxPxL','rbpppp');
insert into kifread values( 48, 0,28,'p',false,false,'BGNPP','lxpxxxPxLxsxxxxxxNxkxxxxxSxxxxpxxPxGgxpxxxxKxxspxxxPSxxxnpxPxGxxxxxrxPxNlxpxxxPxL','rbpppp');
insert into kifread values( 49,29,37,'N',false, true,'BGNPP','lxpxxxPxLxsxxxxxpNxkxxxxxSxxxxpxxPxGgxpxxxxKxxspxxxPSxxxnpxPxGxxxxxrxPxNlxpxxxPxL','rbppp');
insert into kifread values( 50, 0,36,'p',false,false,'BGNPP','lxpxxxPxLxsxxxxxpxxkxxxxNSxxxxpxxPxGgxpxxxxKxxspxxxPSxxxnpxPxGxxxxxrxPxNlxpxxxPxL','rbppp');
insert into kifread values( 51, 0,34,'B',false, true,'BGNPP','lxpxxxPxLxsxxxxxpxxkxxxpNSxxxxpxxPxGgxpxxxxKxxspxxxPSxxxnpxPxGxxxxxrxPxNlxpxxxPxL','rbpp');
insert into kifread values( 52,32,33,'k',false,false,'GNPP','lxpxxxPxLxsxxxxxpxxkxBxpNSxxxxpxxPxGgxpxxxxKxxspxxxPSxxxnpxPxGxxxxxrxPxNlxpxxxPxL','rbpp');
insert into kifread values( 53,34,16,'B',false, true,'GNPP','lxpxxxPxLxsxxxxxpxxxkBxpNSxxxxpxxPxGgxpxxxxKxxspxxxPSxxxnpxPxGxxxxxrxPxNlxpxxxPxL','rbpp');
insert into kifread values( 54,36,37,'p', true,false,'GNPP','lxpxxBPxLxsxxxxxpxxxkxxpNSxxxxpxxPxGgxpxxxxKxxspxxxPSxxxnpxPxGxxxxxrxPxNlxpxxxPxL','rbpp');
insert into kifread values( 55, 0,34,'G',false, true,'GNPP','lxpxxBPxLxsxxxxxpxxxkxxxqSxxxxpxxPxGgxpxxxxKxxspxxxPSxxxnpxPxGxxxxxrxPxNlxpxxxPxL','rbnpp');
insert into kifread values( 56,33,32,'k',false,false,'NPP','lxpxxBPxLxsxxxxxpxxxkGxxqSxxxxpxxPxGgxpxxxxKxxspxxxPSxxxnpxPxGxxxxxrxPxNlxpxxxPxL','rbnpp');
insert into kifread values( 57, 0,33,'P',false, true,'NPP','lxpxxBPxLxsxxxxxpxxkxGxxqSxxxxpxxPxGgxpxxxxKxxspxxxPSxxxnpxPxGxxxxxrxPxNlxpxxxPxL','rbnpp');
insert into kifread values( 58,22,33,'s',false,false,'NP','lxpxxBPxLxsxxxxxpxxkPGxxqSxxxxpxxPxGgxpxxxxKxxspxxxPSxxxnpxPxGxxxxxrxPxNlxpxxxPxL','rbnpp');
insert into kifread values( 59, 0,24,'N',false, true,'NP','lxpxxBPxLxxxxxxxpxxksGxxqSxxxxpxxPxGgxpxxxxKxxspxxxPSxxxnpxPxGxxxxxrxPxNlxpxxxPxL','rbnppp');
insert into kifread values( 60,33,24,'s',false,false,'P','lxpxxBPxLxxxNxxxpxxksGxxqSxxxxpxxPxGgxpxxxxKxxspxxxPSxxxnpxPxGxxxxxrxPxNlxpxxxPxL','rbnppp');
insert into kifread values( 61,34,24,'G',false, true,'P','lxpxxBPxLxxxsxxxpxxkxGxxqSxxxxpxxPxGgxpxxxxKxxspxxxPSxxxnpxPxGxxxxxrxPxNlxpxxxPxL','rbnnppp');
insert into kifread values( 62,32,41,'k',false,false,'SP','lxpxxBPxLxxxGxxxpxxkxxxxqSxxxxpxxPxGgxpxxxxKxxspxxxPSxxxnpxPxGxxxxxrxPxNlxpxxxPxL','rbnnppp');
insert into kifread values( 63,38,37,'S',false, true,'SP','lxpxxBPxLxxxGxxxpxxxxxxxqSxkxxpxxPxGgxpxxxxKxxspxxxPSxxxnpxPxGxxxxxrxPxNlxpxxxPxL','rbnnppp');
insert into kifread values( 64, 0,15,'b',false,false,'SPP','lxpxxBPxLxxxGxxxpxxxxxxxSxxkxxpxxPxGgxpxxxxKxxspxxxPSxxxnpxPxGxxxxxrxPxNlxpxxxPxL','rbnnppp');
insert into kifread values( 65, 0,33,'P',false, true,'SPP','lxpxbBPxLxxxGxxxpxxxxxxxSxxkxxpxxPxGgxpxxxxKxxspxxxPSxxxnpxPxGxxxxxrxPxNlxpxxxPxL','rnnppp');
insert into kifread values( 66, 0,31,'p',false,false,'SP','lxpxbBPxLxxxGxxxpxxxPxxxSxxkxxpxxPxGgxpxxxxKxxspxxxPSxxxnpxPxGxxxxxrxPxNlxpxxxPxL','rnnppp');
insert into kifread values( 67,24,23,'G',false, true,'SP','lxpxbBPxLxxxGxxxpxpxPxxxSxxkxxpxxPxGgxpxxxxKxxspxxxPSxxxnpxPxGxxxxxrxPxNlxpxxxPxL','rnnpp');
insert into kifread values( 68, 0,25,'n',false,false,'SP','lxpxbBPxLxxGxxxxpxpxPxxxSxxkxxpxxPxGgxpxxxxKxxspxxxPSxxxnpxPxGxxxxxrxPxNlxpxxxPxL','rnnpp');
insert into kifread values( 69, 0,26,'S',false, true,'SP','lxpxbBPxLxxGxnxxpxpxPxxxSxxkxxpxxPxGgxpxxxxKxxspxxxPSxxxnpxPxGxxxxxrxPxNlxpxxxPxL','rnpp');
insert into kifread values( 70,25,37,'n', true,false,'P','lxpxbBPxLxxGxnSxpxpxPxxxSxxkxxpxxPxGgxpxxxxKxxspxxxPSxxxnpxPxGxxxxxrxPxNlxpxxxPxL','rnpp');
insert into kifread values( 71,26,15,'S',false, true,'P','lxpxbBPxLxxGxxSxpxpxPxxxoxxkxxpxxPxGgxpxxxxKxxspxxxPSxxxnpxPxGxxxxxrxPxNlxpxxxPxL','rsnpp');
insert into kifread values( 72,51,42,'g',false,false,'BP','lxpxSBPxLxxGxxxxpxpxPxxxoxxkxxpxxPxGgxpxxxxKxxspxxxPSxxxnpxPxGxxxxxrxPxNlxpxxxPxL','rsnpp');
insert into kifread values( 73, 0,24,'B',false, true,'BP','lxpxSBPxLxxGxxxxpxpxPxxxoxxkgxpxxPxGxxpxxxxKxxspxxxPSxxxnpxPxGxxxxxrxPxNlxpxxxPxL','rsnpp');
insert into kifread values( 74, 0,25,'n',false,false,'P','lxpxSBPxLxxGBxxxpxpxPxxxoxxkgxpxxPxGxxpxxxxKxxspxxxPSxxxnpxPxGxxxxxrxPxNlxpxxxPxL','rsnpp');
insert into kifread values( 75,33,32,'P', true, true,'P','lxpxSBPxLxxGBnxxpxpxPxxxoxxkgxpxxPxGxxpxxxxKxxspxxxPSxxxnpxPxGxxxxxrxPxNlxpxxxPxL','rspp');
insert into kifread values( 76,31,32,'p',false,false,'P','lxpxSBPxLxxGBnxxpxpQxxxxoxxkgxpxxPxGxxpxxxxKxxspxxxPSxxxnpxPxGxxxxxrxPxNlxpxxxPxL','rspp');
insert into kifread values( 77, 0,33,'P',false, true,'P','lxpxSBPxLxxGBnxxpxxpxxxxoxxkgxpxxPxGxxpxxxxKxxspxxxPSxxxnpxPxGxxxxxrxPxNlxpxxxPxL','rsppp');
insert into kifread values( 78,32,33,'p',false,false,'','lxpxSBPxLxxGBnxxpxxpPxxxoxxkgxpxxPxGxxpxxxxKxxspxxxPSxxxnpxPxGxxxxxrxPxNlxpxxxPxL','rsppp');
insert into kifread values( 79,23,33,'G',false, true,'','lxpxSBPxLxxGBnxxpxxxpxxxoxxkgxpxxPxGxxpxxxxKxxspxxxPSxxxnpxPxGxxxxxrxPxNlxpxxxPxL','rspppp');
insert into kifread values( 80,42,33,'g',false,false,'P','lxpxSBPxLxxxBnxxpxxxGxxxoxxkgxpxxPxGxxpxxxxKxxspxxxPSxxxnpxPxGxxxxxrxPxNlxpxxxPxL','rspppp');
insert into kifread values( 81,24,33,'B', true, true,'P','lxpxSBPxLxxxBnxxpxxxgxxxoxxkxxpxxPxGxxpxxxxKxxspxxxPSxxxnpxPxGxxxxxrxPxNlxpxxxPxL','rgspppp');
insert into kifread values( 82, 0,42,'g',false,false,'GP','lxpxSBPxLxxxxnxxpxxxHxxxoxxkxxpxxPxGxxpxxxxKxxspxxxPSxxxnpxPxGxxxxxrxPxNlxpxxxPxL','rgspppp');
insert into kifread values( 83,33,24,'H',false, true,'GP','lxpxSBPxLxxxxnxxpxxxHxxxoxxkgxpxxPxGxxpxxxxKxxspxxxPSxxxnpxPxGxxxxxrxPxNlxpxxxPxL','rspppp');
insert into kifread values( 84, 0,88,'p',false,false,'GP','lxpxSBPxLxxxHnxxpxxxxxxxoxxkgxpxxPxGxxpxxxxKxxspxxxPSxxxnpxPxGxxxxxrxPxNlxpxxxPxL','rspppp');
insert into kifread values( 85,16,25,'B',false, true,'GP','lxpxSBPxLxxxHnxxpxxxxxxxoxxkgxpxxPxGxxpxxxxKxxspxxxPSxxxnpxPxGxxxxxrxPpNlxpxxxPxL','rsppp');
insert into kifread values( 86,85,25,'r',false,false,'GNP','lxpxSxPxLxxxHBxxpxxxxxxxoxxkgxpxxPxGxxpxxxxKxxspxxxPSxxxnpxPxGxxxxxrxPpNlxpxxxPxL','rsppp');
insert into kifread values( 87, 0,34,'N',false, true,'GNP','lxpxSxPxLxxxHrxxpxxxxxxxoxxkgxpxxPxGxxpxxxxKxxspxxxPSxxxnpxPxGxxxxxxxPpNlxpxxxPxL','rbsppp');
insert into kifread values( 88,25,24,'r',false,false,'GP','lxpxSxPxLxxxHrxxpxxxxNxxoxxkgxpxxPxGxxpxxxxKxxspxxxPSxxxnpxPxGxxxxxxxPpNlxpxxxPxL','rbsppp');
insert into kifread values( 89,15,24,'S',false, true,'GP','lxpxSxPxLxxxrxxxpxxxxNxxoxxkgxpxxPxGxxpxxxxKxxspxxxPSxxxnpxPxGxxxxxxxPpNlxpxxxPxL','rbbsppp');
insert into kifread values( 90,37,47,'o',false,false,'RGP','lxpxxxPxLxxxSxxxpxxxxNxxoxxkgxpxxPxGxxpxxxxKxxspxxxPSxxxnpxPxGxxxxxxxPpNlxpxxxPxL','rbbsppp');
insert into kifread values( 91,58,69,'K',false, true,'RGP','lxpxxxPxLxxxSxxxpxxxxNxxxxxkgxpxxoxGxxpxxxxKxxspxxxPSxxxnpxPxGxxxxxxxPpNlxpxxxPxL','rbbspppp');
insert into kifread values( 92,88,89,'p', true,false,'RGP','lxpxxxPxLxxxSxxxpxxxxNxxxxxkgxpxxoxGxxpxxxxxxxspxxxPSKxxnpxPxGxxxxxxxPpNlxpxxxPxL','rbbspppp');
insert into kifread values( 93,34,42,'N', true, true,'RGP','lxpxxxPxLxxxSxxxpxxxxNxxxxxkgxpxxoxGxxpxxxxxxxspxxxPSKxxnpxPxGxxxxxxxPxqlxpxxxPxL','rbbsnpppp');
insert into kifread values( 94,41,42,'k',false,false,'RGGP','lxpxxxPxLxxxSxxxpxxxxxxxxxxkOxpxxoxGxxpxxxxxxxspxxxPSKxxnpxPxGxxxxxxxPxqlxpxxxPxL','rbbsnpppp');
insert into kifread values( 95, 0,22,'R',false, true,'RGGP','lxpxxxPxLxxxSxxxpxxxxxxxxxxxkxpxxoxGxxpxxxxxxxspxxxPSKxxnpxPxGxxxxxxxPxqlxpxxxPxL','rbbsnnpppp');
insert into kifread values( 96,42,43,'k',false,false,'GGP','lxpxxxPxLxRxSxxxpxxxxxxxxxxxkxpxxoxGxxpxxxxxxxspxxxPSKxxnpxPxGxxxxxxxPxqlxpxxxPxL','rbbsnnpppp');
insert into kifread values( 97,22,32,'R', true, true,'GGP','lxpxxxPxLxRxSxxxpxxxxxxxxxxxxkpxxoxGxxpxxxxxxxspxxxPSKxxnpxPxGxxxxxxxPxqlxpxxxPxL','rbbsnnpppp');
insert into kifread values( 98,43,54,'k',false,false,'GGP','lxpxxxPxLxxxSxxxpxxDxxxxxxxxxkpxxoxGxxpxxxxxxxspxxxPSKxxnpxPxGxxxxxxxPxqlxpxxxPxL','rbbsnnpppp');
insert into kifread values( 99, 0,55,'G',false, true,'GGP','lxpxxxPxLxxxSxxxpxxDxxxxxxxxxxpxxoxGxxpkxxxxxxspxxxPSKxxnpxPxGxxxxxxxPxqlxpxxxPxL','rbbsnnpppp');
insert into kifread values(100,54,55,'k',false,false,'GP','lxpxxxPxLxxxSxxxpxxDxxxxxxxxxxpxxoxGxxpkGxxxxxspxxxPSKxxnpxPxGxxxxxxxPxqlxpxxxPxL','rbbsnnpppp');
insert into kifread values(101, 0,56,'P',false, true,'GP','lxpxxxPxLxxxSxxxpxxDxxxxxxxxxxpxxoxGxxpxkxxxxxspxxxPSKxxnpxPxGxxxxxxxPxqlxpxxxPxL','rbbgsnnpppp');
insert into kifread values(102,55,56,'k',false,false,'G','lxpxxxPxLxxxSxxxpxxDxxxxxxxxxxpxxoxGxxpxkPxxxxspxxxPSKxxnpxPxGxxxxxxxPxqlxpxxxPxL','rbbgsnnpppp');
insert into kifread values(103,32,36,'D',false, true,'G','lxpxxxPxLxxxSxxxpxxDxxxxxxxxxxpxxoxGxxpxxkxxxxspxxxPSKxxnpxPxGxxxxxxxPxqlxpxxxPxL','rbbgsnnppppp');
insert into kifread values(104,56,65,'k',false,false,'G','lxpxxxPxLxxxSxxxpxxxxxxDxxxxxxpxxoxGxxpxxkxxxxspxxxPSKxxnpxPxGxxxxxxxPxqlxpxxxPxL','rbbgsnnppppp');
insert into kifread values(105,36,47,'D',false, true,'G','lxpxxxPxLxxxSxxxpxxxxxxDxxxxxxpxxoxGxxpxxxxxxxspxkxPSKxxnpxPxGxxxxxxxPxqlxpxxxPxL','rbbgsnnppppp');
insert into kifread values(106, 0,14,'b',false,false,'GN','lxpxxxPxLxxxSxxxpxxxxxxxxxxxxxpxxDxGxxpxxxxxxxspxkxPSKxxnpxPxGxxxxxxxPxqlxpxxxPxL','rbbgsnnppppp');
insert into kifread values(107, 0,36,'N',false, true,'GN','lxpbxxPxLxxxSxxxpxxxxxxxxxxxxxpxxDxGxxpxxxxxxxspxkxPSKxxnpxPxGxxxxxxxPxqlxpxxxPxL','rbgsnnppppp');
insert into kifread values(108, 0,54,'b',false,false,'G','lxpbxxPxLxxxSxxxpxxxxxxNxxxxxxpxxDxGxxpxxxxxxxspxkxPSKxxnpxPxGxxxxxxxPxqlxpxxxPxL','rbgsnnppppp');
insert into kifread values(109,47,58,'D',false, true,'G','lxpbxxPxLxxxSxxxpxxxxxxNxxxxxxpxxDxGxxpbxxxxxxspxkxPSKxxnpxPxGxxxxxxxPxqlxpxxxPxL','rgsnnppppp');
insert into kifread values(110,74,75,'p',false,false,'G','lxpbxxPxLxxxSxxxpxxxxxxNxxxxxxpxxxxGxxpbxxxDxxspxkxPSKxxnpxPxGxxxxxxxPxqlxpxxxPxL','rgsnnppppp');
insert into kifread values(    111, null, null, null, null, true,    'G', 'lxpbxxPxLxxxSxxxpxxxxxxNxxxxxxpxxxxGxxpbxxxDxxspxkxPSKxxnxpPxGxxxxxxxPxqlxpxxxPxL', 'rgsnnppppp');select kif_insert(2, '2003-09-05', '島　　朗', '三浦弘行', 'w');
I, [2010-05-19T22:37:06.682406 #9473]  INFO -- : (0.000388s) SET standard_conforming_strings = ON
I, [2010-05-19T22:37:06.682844 #9473]  INFO -- : (0.000252s) SET client_min_messages = 'WARNING'
I, [2010-05-19T22:37:06.683066 #9473]  INFO -- : (0.000140s) SET DateStyle = 'ISO'
E, [2010-05-19T22:37:06.731418 #9473] ERROR -- : PGError: ERROR:  duplicate key value violates unique constraint "kifs_id2ch_key"
CONTEXT:  SQL statement "insert into kifs (id2ch, tesu, gdate, black, white, result, kif) values( $1 ,  $2 ,  $3 ,  $4 ,  $5 ,  $6 ,  $7 )"
PL/pgSQL function "kif_insert" line 92 at SQL statement: delete from kifread;delete from new_boards;delete from new_moves;insert into kifread values(  1,77,76,'P',false, true,'','lxpxxxPxLnbpxxxPRNsxpxxxPxSgxpxxxPxGkxpxxxPxKgxpxxxPxGsxpxxxPxSnrpxxxPBNlxpxxxPxL','');
insert into kifread values(  2,33,34,'p',false,false,'','lxpxxxPxLnbpxxxPRNsxpxxxPxSgxpxxxPxGkxpxxxPxKgxpxxxPxGsxpxxPxxSnrpxxxPBNlxpxxxPxL','');
insert into kifread values(  3,27,26,'P',false, true,'','lxpxxxPxLnbpxxxPRNsxxpxxPxSgxpxxxPxGkxpxxxPxKgxpxxxPxGsxpxxPxxSnrpxxxPBNlxpxxxPxL','');
insert into kifread values(  4,41,32,'g',false,false,'','lxpxxxPxLnbpxxPxRNsxxpxxPxSgxpxxxPxGkxpxxxPxKgxpxxxPxGsxpxxPxxSnrpxxxPBNlxpxxxPxL','');
insert into kifread values(  5,69,78,'G',false, true,'','lxpxxxPxLnbpxxPxRNsgxpxxPxSxxpxxxPxGkxpxxxPxKgxpxxxPxGsxpxxPxxSnrpxxxPBNlxpxxxPxL','');
insert into kifread values(  6,13,14,'p',false,false,'','lxpxxxPxLnbpxxPxRNsgxpxxPxSxxpxxxPxGkxpxxxPxKgxpxxxPxxsxpxxPxGSnrpxxxPBNlxpxxxPxL','');
insert into kifread values(  7,39,48,'S',false, true,'','lxxpxxPxLnbpxxPxRNsgxpxxPxSxxpxxxPxGkxpxxxPxKgxpxxxPxxsxpxxPxGSnrpxxxPBNlxpxxxPxL','');
insert into kifread values(  8,83,84,'p',false,false,'','lxxpxxPxLnbpxxPxRNsgxpxxPxxxxpxxxPSGkxpxxxPxKgxpxxxPxxsxpxxPxGSnrpxxxPBNlxpxxxPxL','');
insert into kifread values(  9,67,66,'P',false, true,'','lxxpxxPxLnbpxxPxRNsgxpxxPxxxxpxxxPSGkxpxxxPxKgxpxxxPxxsxpxxPxGSnrxpxxPBNlxpxxxPxL','');
insert into kifread values( 10,84,85,'p',false,false,'','lxxpxxPxLnbpxxPxRNsgxpxxPxxxxpxxxPSGkxpxxxPxKgxpxxPxxxsxpxxPxGSnrxpxxPBNlxpxxxPxL','');
insert into kifread values( 11,88,77,'B',false, true,'','lxxpxxPxLnbpxxPxRNsgxpxxPxxxxpxxxPSGkxpxxxPxKgxpxxPxxxsxpxxPxGSnrxxpxPBNlxpxxxPxL','');
insert into kifread values( 12,71,62,'s',false,false,'','lxxpxxPxLnbpxxPxRNsgxpxxPxxxxpxxxPSGkxpxxxPxKgxpxxPxxxsxpxxPBGSnrxxpxPxNlxpxxxPxL','');
insert into kifread values( 13,49,58,'G',false, true,'','lxxpxxPxLnbpxxPxRNsgxpxxPxxxxpxxxPSGkxpxxxPxKgspxxPxxxxxpxxPBGSnrxxpxPxNlxpxxxPxL','');
insert into kifread values( 14,53,54,'p',false,false,'','lxxpxxPxLnbpxxPxRNsgxpxxPxxxxpxxxPSxkxpxxxPGKgspxxPxxxxxpxxPBGSnrxxpxPxNlxpxxxPxL','');
insert into kifread values( 15,79,88,'S',false, true,'','lxxpxxPxLnbpxxPxRNsgxpxxPxxxxpxxxPSxkxxpxxPGKgspxxPxxxxxpxxPBGSnrxxpxPxNlxpxxxPxL','');
insert into kifread values( 16,22,33,'b',false,false,'','lxxpxxPxLnbpxxPxRNsgxpxxPxxxxpxxxPSxkxxpxxPGKgspxxPxxxxxpxxPBGxnrxxpxPSNlxpxxxPxL','');
insert into kifread values( 17,59,69,'K',false, true,'','lxxpxxPxLnxpxxPxRNsgbpxxPxxxxpxxxPSxkxxpxxPGKgspxxPxxxxxpxxPBGxnrxxpxPSNlxpxxxPxL','');
insert into kifread values( 18,31,22,'s',false,false,'','lxxpxxPxLnxpxxPxRNsgbpxxPxxxxpxxxPSxkxxpxxPGxgspxxPxxKxxpxxPBGxnrxxpxPSNlxpxxxPxL','');
insert into kifread values( 19,58,67,'G',false, true,'','lxxpxxPxLnspxxPxRNxgbpxxPxxxxpxxxPSxkxxpxxPGxgspxxPxxKxxpxxPBGxnrxxpxPSNlxpxxxPxL','');
insert into kifread values( 20,33,42,'b',false,false,'','lxxpxxPxLnspxxPxRNxgbpxxPxxxxpxxxPSxkxxpxxPxxgspxxPGxKxxpxxPBGxnrxxpxPSNlxpxxxPxL','');
insert into kifread values( 21,77,59,'B',false, true,'','lxxpxxPxLnspxxPxRNxgxpxxPxxxbpxxxPSxkxxpxxPxxgspxxPGxKxxpxxPBGxnrxxpxPSNlxpxxxPxL','');
insert into kifread values( 22,85,86,'p',false,false,'','lxxpxxPxLnspxxPxRNxgxpxxPxxxbpxxxPSxkxxpxxPxBgspxxPGxKxxpxxPxGxnrxxpxPSNlxpxxxPxL','');
insert into kifread values( 23,87,86,'P',false, true,'','lxxpxxPxLnspxxPxRNxgxpxxPxxxbpxxxPSxkxxpxxPxBgspxxPGxKxxpxxPxGxnrxxxpPSNlxpxxxPxL','');
insert into kifread values( 24,42,86,'b',false,false,'P','lxxpxxPxLnspxxPxRNxgxpxxPxxxbpxxxPSxkxxpxxPxBgspxxPGxKxxpxxPxGxnrxxxPxSNlxpxxxPxL','');
insert into kifread values( 25,89,77,'N',false, true,'P','lxxpxxPxLnspxxPxRNxgxpxxPxxxxpxxxPSxkxxpxxPxBgspxxPGxKxxpxxPxGxnrxxxbxSNlxpxxxPxL','p');
insert into kifread values( 26,86,42,'b',false,false,'P','lxxpxxPxLnspxxPxRNxgxpxxPxxxxpxxxPSxkxxpxxPxBgspxxPGxKxxpxxPNGxnrxxxbxSxlxpxxxPxL','p');
insert into kifread values( 27, 0,87,'P',false, true,'P','lxxpxxPxLnspxxPxRNxgxpxxPxxxbpxxxPSxkxxpxxPxBgspxxPGxKxxpxxPNGxnrxxxxxSxlxpxxxPxL','p');
insert into kifread values( 28,51,41,'k',false,false,'','lxxpxxPxLnspxxPxRNxgxpxxPxxxbpxxxPSxkxxpxxPxBgspxxPGxKxxpxxPNGxnrxxxxPSxlxpxxxPxL','p');
insert into kifread values( 29,57,56,'P',false, true,'','lxxpxxPxLnspxxPxRNxgxpxxPxxkbpxxxPSxxxxpxxPxBgspxxPGxKxxpxxPNGxnrxxxxPSxlxpxxxPxL','p');
insert into kifread values( 30,22,33,'s',false,false,'','lxxpxxPxLnspxxPxRNxgxpxxPxxkbpxxxPSxxxxpxPxxBgspxxPGxKxxpxxPNGxnrxxxxPSxlxpxxxPxL','p');
insert into kifread values( 31,48,57,'S',false, true,'','lxxpxxPxLnxpxxPxRNxgspxxPxxkbpxxxPSxxxxpxPxxBgspxxPGxKxxpxxPNGxnrxxxxPSxlxpxxxPxL','p');
insert into kifread values( 32,73,74,'p',false,false,'','lxxpxxPxLnxpxxPxRNxgspxxPxxkbpxxxPxxxxxpxPSxBgspxxPGxKxxpxxPNGxnrxxxxPSxlxpxxxPxL','p');
insert into kifread values( 33,37,36,'P',false, true,'','lxxpxxPxLnxpxxPxRNxgspxxPxxkbpxxxPxxxxxpxPSxBgspxxPGxKxxxpxPNGxnrxxxxPSxlxpxxxPxL','p');
insert into kifread values( 34,42,64,'b',false,false,'','lxxpxxPxLnxpxxPxRNxgspxPxxxkbpxxxPxxxxxpxPSxBgspxxPGxKxxxpxPNGxnrxxxxPSxlxpxxxPxL','p');
insert into kifread values( 35,28,18,'R',false, true,'','lxxpxxPxLnxpxxPxRNxgspxPxxxkxpxxxPxxxxxpxPSxBgspbxPGxKxxxpxPNGxnrxxxxPSxlxpxxxPxL','p');
insert into kifread values( 36,33,44,'s',false,false,'','lxxpxxPRLnxpxxPxxNxgspxPxxxkxpxxxPxxxxxpxPSxBgspbxPGxKxxxpxPNGxnrxxxxPSxlxpxxxPxL','p');
insert into kifread values( 37,57,46,'S',false, true,'','lxxpxxPRLnxpxxPxxNxgxpxPxxxkxpsxxPxxxxxpxPSxBgspbxPGxKxxxpxPNGxnrxxxxPSxlxpxxxPxL','p');
insert into kifread values( 38,62,53,'s',false,false,'','lxxpxxPRLnxpxxPxxNxgxpxPxxxkxpsxSPxxxxxpxPxxBgspbxPGxKxxxpxPNGxnrxxxxPSxlxpxxxPxL','p');
insert into kifread values( 39,69,79,'K',false, true,'','lxxpxxPRLnxpxxPxxNxgxpxPxxxkxpsxSPxxxxspxPxxBgxpbxPGxKxxxpxPNGxnrxxxxPSxlxpxxxPxL','p');
insert into kifread values( 40,41,31,'k',false,false,'','lxxpxxPRLnxpxxPxxNxgxpxPxxxkxpsxSPxxxxspxPxxBgxpbxPGxxxxxpxPNGKnrxxxxPSxlxpxxxPxL','p');
insert into kifread values( 41,79,89,'K',false, true,'','lxxpxxPRLnxpxxPxxNkgxpxPxxxxxpsxSPxxxxspxPxxBgxpbxPGxxxxxpxPNGKnrxxxxPSxlxpxxxPxL','p');
insert into kifread values( 42,93,94,'p',false,false,'','lxxpxxPRLnxpxxPxxNkgxpxPxxxxxpsxSPxxxxspxPxxBgxpbxPGxxxxxpxPNGxnrxxxxPSKlxpxxxPxL','p');
insert into kifread values( 43,17,16,'P',false, true,'','lxxpxxPRLnxpxxPxxNkgxpxPxxxxxpsxSPxxxxspxPxxBgxpbxPGxxxxxpxPNGxnrxxxxPSKlxxpxxPxL','p');
insert into kifread values( 44,53,42,'s',false,false,'','lxxpxPxRLnxpxxPxxNkgxpxPxxxxxpsxSPxxxxspxPxxBgxpbxPGxxxxxpxPNGxnrxxxxPSKlxxpxxPxL','p');
insert into kifread values( 45,29,37,'N',false, true,'','lxxpxPxRLnxpxxPxxNkgxpxPxxxxspsxSPxxxxxpxPxxBgxpbxPGxxxxxpxPNGxnrxxxxPSKlxxpxxPxL','p');
insert into kifread values( 46,82,52,'r',false,false,'','lxxpxPxRLnxpxxPxxxkgxpxPNxxxspsxSPxxxxxpxPxxBgxpbxPGxxxxxpxPNGxnrxxxxPSKlxxpxxPxL','p');
insert into kifread values( 47,37,45,'N',false, true,'','lxxpxPxRLnxpxxPxxxkgxpxPNxxxspsxSPxxxrxpxPxxBgxpbxPGxxxxxpxPNGxnxxxxxPSKlxxpxxPxL','p');
insert into kifread values( 48,52,51,'r',false,false,'','lxxpxPxRLnxpxxPxxxkgxpxPxxxxspsNSPxxxrxpxPxxBgxpbxPGxxxxxpxPNGxnxxxxxPSKlxxpxxPxL','p');
insert into kifread values( 49,59,48,'B',false, true,'','lxxpxPxRLnxpxxPxxxkgxpxPxxxxspsNSPxxrxxpxPxxBgxpbxPGxxxxxpxPNGxnxxxxxPSKlxxpxxPxL','p');
insert into kifread values( 50,54,55,'p',false,false,'','lxxpxPxRLnxpxxPxxxkgxpxPxxxxspsNSPBxrxxpxPxxxgxpbxPGxxxxxpxPNGxnxxxxxPSKlxxpxxPxL','p');
insert into kifread values( 51,66,65,'P',false, true,'','lxxpxPxRLnxpxxPxxxkgxpxPxxxxspsNSPBxrxxxpPxxxgxpbxPGxxxxxpxPNGxnxxxxxPSKlxxpxxPxL','p');
insert into kifread values( 52,64,73,'b',false,false,'','lxxpxPxRLnxpxxPxxxkgxpxPxxxxspsNSPBxrxxxpPxxxgxpbPxGxxxxxpxPNGxnxxxxxPSKlxxpxxPxL','p');
insert into kifread values( 53,56,55,'P',false, true,'','lxxpxPxRLnxpxxPxxxkgxpxPxxxxspsNSPBxrxxxpPxxxgxpxPxGxxxxbpxPNGxnxxxxxPSKlxxpxxPxL','p');
insert into kifread values( 54,44,55,'s',false,false,'P','lxxpxPxRLnxpxxPxxxkgxpxPxxxxspsNSPBxrxxxPxxxxgxpxPxGxxxxbpxPNGxnxxxxxPSKlxxpxxPxL','p');
insert into kifread values( 55,46,55,'S',false, true,'P','lxxpxPxRLnxpxxPxxxkgxpxPxxxxspxNSPBxrxxxsxxxxgxpxPxGxxxxbpxPNGxnxxxxxPSKlxxpxxPxL','pp');
insert into kifread values( 56,51,55,'r',false,false,'SP','lxxpxPxRLnxpxxPxxxkgxpxPxxxxspxNxPBxrxxxSxxxxgxpxPxGxxxxbpxPNGxnxxxxxPSKlxxpxxPxL','pp');
insert into kifread values( 57,77,85,'N',false, true,'SP','lxxpxPxRLnxpxxPxxxkgxpxPxxxxspxNxPBxxxxxrxxxxgxpxPxGxxxxbpxPNGxnxxxxxPSKlxxpxxPxL','spp');
insert into kifread values( 58,73,95,'b',false,false,'SP','lxxpxPxRLnxpxxPxxxkgxpxPxxxxspxNxPBxxxxxrxxxxgxpxPxGxxxxbpxPxGxnxxxNxPSKlxxpxxPxL','spp');
insert into kifread values( 59, 0,56,'S',false, true,'SP','lxxpxPxRLnxpxxPxxxkgxpxPxxxxspxNxPBxxxxxrxxxxgxpxPxGxxxxxpxPxGxnxxxNxPSKlxxpbxPxL','spp');
insert into kifread values( 60,55,51,'r',false,false,'P','lxxpxPxRLnxpxxPxxxkgxpxPxxxxspxNxPBxxxxxrSxxxgxpxPxGxxxxxpxPxGxnxxxNxPSKlxxpbxPxL','spp');
insert into kifread values( 61, 0,53,'P',false, true,'P','lxxpxPxRLnxpxxPxxxkgxpxPxxxxspxNxPBxrxxxxSxxxgxpxPxGxxxxxpxPxGxnxxxNxPSKlxxpbxPxL','spp');
insert into kifread values( 62, 0,44,'s',false,false,'','lxxpxPxRLnxpxxPxxxkgxpxPxxxxspxNxPBxrxPxxSxxxgxpxPxGxxxxxpxPxGxnxxxNxPSKlxxpbxPxL','spp');
insert into kifread values( 63,47,46,'P',false, true,'','lxxpxPxRLnxpxxPxxxkgxpxPxxxxspsNxPBxrxPxxSxxxgxpxPxGxxxxxpxPxGxnxxxNxPSKlxxpbxPxL','pp');
insert into kifread values( 64, 0,55,'p',false,false,'','lxxpxPxRLnxpxxPxxxkgxpxPxxxxspsNPxBxrxPxxSxxxgxpxPxGxxxxxpxPxGxnxxxNxPSKlxxpbxPxL','pp');
insert into kifread values( 65,56,47,'S',false, true,'','lxxpxPxRLnxpxxPxxxkgxpxPxxxxspsNPxBxrxPxpSxxxgxpxPxGxxxxxpxPxGxnxxxNxPSKlxxpbxPxL','p');
insert into kifread values( 66,95,62,'b',false,false,'','lxxpxPxRLnxpxxPxxxkgxpxPxxxxspsNPSBxrxPxpxxxxgxpxPxGxxxxxpxPxGxnxxxNxPSKlxxpbxPxL','p');
insert into kifread values( 67,65,64,'P',false, true,'','lxxpxPxRLnxpxxPxxxkgxpxPxxxxspsNPSBxrxPxpxxxxgbpxPxGxxxxxpxPxGxnxxxNxPSKlxxpxxPxL','p');
insert into kifread values( 68,61,72,'g',false,false,'','lxxpxPxRLnxpxxPxxxkgxpxPxxxxspsNPSBxrxPxpxxxxgbpPxxGxxxxxpxPxGxnxxxNxPSKlxxpxxPxL','p');
insert into kifread values( 69,26,25,'P',false, true,'','lxxpxPxRLnxpxxPxxxkgxpxPxxxxspsNPSBxrxPxpxxxxxbpPxxGxxxgxpxPxGxnxxxNxPSKlxxpxxPxL','p');
insert into kifread values( 70,63,64,'p',false,false,'','lxxpxPxRLnxpxPxxxxkgxpxPxxxxspsNPSBxrxPxpxxxxxbpPxxGxxxgxpxPxGxnxxxNxPSKlxxpxxPxL','p');
insert into kifread values( 71,16,15,'P',false, true,'','lxxpxPxRLnxpxPxxxxkgxpxPxxxxspsNPSBxrxPxpxxxxxbxpxxGxxxgxpxPxGxnxxxNxPSKlxxpxxPxL','pp');
insert into kifread values( 72,14,15,'p',false,false,'','lxxpPxxRLnxpxPxxxxkgxpxPxxxxspsNPSBxrxPxpxxxxxbxpxxGxxxgxpxPxGxnxxxNxPSKlxxpxxPxL','pp');
insert into kifread values( 73,48,15,'B',false, true,'','lxxxpxxRLnxpxPxxxxkgxpxPxxxxspsNPSBxrxPxpxxxxxbxpxxGxxxgxpxPxGxnxxxNxPSKlxxpxxPxL','ppp');
insert into kifread values( 74, 0,17,'p',false,false,'P','lxxxBxxRLnxpxPxxxxkgxpxPxxxxspsNPSxxrxPxpxxxxxbxpxxGxxxgxpxPxGxnxxxNxPSKlxxpxxPxL','ppp');
insert into kifread values( 75,18,17,'R',false, true,'P','lxxxBxpRLnxpxPxxxxkgxpxPxxxxspsNPSxxrxPxpxxxxxbxpxxGxxxgxpxPxGxnxxxNxPSKlxxpxxPxL','pp');
insert into kifread values( 76, 0,14,'p',false,false,'PP','lxxxBxRxLnxpxPxxxxkgxpxPxxxxspsNPSxxrxPxpxxxxxbxpxxGxxxgxpxPxGxnxxxNxPSKlxxpxxPxL','pp');
insert into kifread values( 77,15,42,'B', true, true,'PP','lxxpBxRxLnxpxPxxxxkgxpxPxxxxspsNPSxxrxPxpxxxxxbxpxxGxxxgxpxPxGxnxxxNxPSKlxxpxxPxL','p');
insert into kifread values( 78,31,42,'k',false,false,'SPP','lxxpxxRxLnxpxPxxxxkgxpxPxxxxHpsNPSxxrxPxpxxxxxbxpxxGxxxgxpxPxGxnxxxNxPSKlxxpxxPxL','p');
insert into kifread values( 79,53,52,'P', true, true,'SPP','lxxpxxRxLnxpxPxxxxxgxpxPxxxxkpsNPSxxrxPxpxxxxxbxpxxGxxxgxpxPxGxnxxxNxPSKlxxpxxPxL','bp');
insert into kifread values( 80,42,52,'k',false,false,'SPP','lxxpxxRxLnxpxPxxxxxgxpxPxxxxkpsNPSxxrQxxpxxxxxbxpxxGxxxgxpxPxGxnxxxNxPSKlxxpxxPxL','bp');
insert into kifread values( 81, 0,54,'P',false, true,'SPP','lxxpxxRxLnxpxPxxxxxgxpxPxxxxxpsNPSxxrkxxpxxxxxbxpxxGxxxgxpxPxGxnxxxNxPSKlxxpxxPxL','bpp');
insert into kifread values( 82,52,63,'k',false,false,'SP','lxxpxxRxLnxpxPxxxxxgxpxPxxxxxpsNPSxxrkxPpxxxxxbxpxxGxxxgxpxPxGxnxxxNxPSKlxxpxxPxL','bpp');
insert into kifread values( 83, 0,53,'S',false, true,'SP','lxxpxxRxLnxpxPxxxxxgxpxPxxxxxpsNPSxxrxxPpxxxxxbkpxxGxxxgxpxPxGxnxxxNxPSKlxxpxxPxL','bpp');
insert into kifread values( 84,63,54,'k',false,false,'P','lxxpxxRxLnxpxPxxxxxgxpxPxxxxxpsNPSxxrxSPpxxxxxbkpxxGxxxgxpxPxGxnxxxNxPSKlxxpxxPxL','bpp');
insert into kifread values( 85,53,62,'S', true, true,'P','lxxpxxRxLnxpxPxxxxxgxpxPxxxxxpsNPSxxrxSkpxxxxxbxpxxGxxxgxpxPxGxnxxxNxPSKlxxpxxPxL','bppp');
insert into kifread values( 86,72,62,'g',false,false,'BP','lxxpxxRxLnxpxPxxxxxgxpxPxxxxxpsNPSxxrxxkpxxxxxTxpxxGxxxgxpxPxGxnxxxNxPSKlxxpxxPxL','bppp');
insert into kifread values( 87, 0,82,'B',false, true,'BP','lxxpxxRxLnxpxPxxxxxgxpxPxxxxxpsNPSxxrxxkpxxxxxgxpxxGxxxxxpxPxGxnxxxNxPSKlxxpxxPxL','bsppp');
insert into kifread values( 88, 0,84,'p',false,false,'P','lxxpxxRxLnxpxPxxxxxgxpxPxxxxxpsNPSxxrxxkpxxxxxgxpxxGxxxxxpxPxGxnBxxNxPSKlxxpxxPxL','bsppp');
insert into kifread values( 89,82,91,'B', true, true,'P','lxxpxxRxLnxpxPxxxxxgxpxPxxxxxpsNPSxxrxxkpxxxxxgxpxxGxxxxxpxPxGxnBxpNxPSKlxxpxxPxL','bspp');
insert into kifread values( 90,84,85,'p',false,false,'LP','lxxpxxRxLnxpxPxxxxxgxpxPxxxxxpsNPSxxrxxkpxxxxxgxpxxGxxxxxpxPxGxnxxpNxPSKHxxpxxPxL','bspp');
insert into kifread values( 91, 0,84,'L',false, true,'LP','lxxpxxRxLnxpxPxxxxxgxpxPxxxxxpsNPSxxrxxkpxxxxxgxpxxGxxxxxpxPxGxnxxxpxPSKHxxpxxPxL','bsnpp');
insert into kifread values( 92,81,93,'n',false,false,'P','lxxpxxRxLnxpxPxxxxxgxpxPxxxxxpsNPSxxrxxkpxxxxxgxpxxGxxxxxpxPxGxnxxLpxPSKHxxpxxPxL','bsnpp');
insert into kifread values( 93,91,92,'H',false, true,'P','lxxpxxRxLnxpxPxxxxxgxpxPxxxxxpsNPSxxrxxkpxxxxxgxpxxGxxxxxpxPxGxxxxLpxPSKHxnpxxPxL','bsnpp');
insert into kifread values( 94, 0,39,'b',false,false,'P','lxxpxxRxLnxpxPxxxxxgxpxPxxxxxpsNPSxxrxxkpxxxxxgxpxxGxxxxxpxPxGxxxxLpxPSKxHnpxxPxL','bsnpp');
insert into kifread values( 95,92,93,'H',false, true,'P','lxxpxxRxLnxpxPxxxxxgxpxPxxbxxpsNPSxxrxxkpxxxxxgxpxxGxxxxxpxPxGxxxxLpxPSKxHnpxxPxL','snpp');
insert into kifread values( 96,44,45,'s',false,false,'NP','lxxpxxRxLnxpxPxxxxxgxpxPxxbxxpsNPSxxrxxkpxxxxxgxpxxGxxxxxpxPxGxxxxLpxPSKxxHpxxPxL','snpp');
insert into kifread values( 97,17,27,'R',false, true,'NP','lxxpxxRxLnxpxPxxxxxgxpxPxxbxxpxsPSxxrxxkpxxxxxgxpxxGxxxxxpxPxGxxxxLpxPSKxxHpxxPxL','snnpp');
insert into kifread values( 98, 0,66,'n',false,false,'NP','lxxpxxxxLnxpxPxRxxxgxpxPxxbxxpxsPSxxrxxkpxxxxxgxpxxGxxxxxpxPxGxxxxLpxPSKxxHpxxPxL','snnpp');
insert into kifread values( 99,67,66,'G',false, true,'NP','lxxpxxxxLnxpxPxRxxxgxpxPxxbxxpxsPSxxrxxkpxxxxxgxpxnGxxxxxpxPxGxxxxLpxPSKxxHpxxPxL','snpp');
insert into kifread values(100,39,66,'b', true,false,'NNP','lxxpxxxxLnxpxPxRxxxgxpxPxxbxxpxsPSxxrxxkpxxxxxgxpxGxxxxxxpxPxGxxxxLpxPSKxxHpxxPxL','snpp');
insert into kifread values(101, 0,67,'P',false, true,'NNP','lxxpxxxxLnxpxPxRxxxgxpxPxxxxxpxsPSxxrxxkpxxxxxgxpxhxxxxxxpxPxGxxxxLpxPSKxxHpxxPxL','gsnpp');
insert into kifread values(102,66,57,'h',false,false,'NN','lxxpxxxxLnxpxPxRxxxgxpxPxxxxxpxsPSxxrxxkpxxxxxgxpxhPxxxxxpxPxGxxxxLpxPSKxxHpxxPxL','gsnpp');
insert into kifread values(103, 0,69,'N',false, true,'NN','lxxpxxxxLnxpxPxRxxxgxpxPxxxxxpxsPSxxrxxkpxhxxxgxpxxPxxxxxpxPxGxxxxLpxPSKxxHpxxPxL','gsnpp');
insert into kifread values(104,57,48,'h',false,false,'N','lxxpxxxxLnxpxPxRxxxgxpxPxxxxxpxsPSxxrxxkpxhxxxgxpxxPxNxxxpxPxGxxxxLpxPSKxxHpxxPxL','gsnpp');
insert into kifread values(105,84,83,'L', true, true,'N','lxxpxxxxLnxpxPxRxxxgxpxPxxxxxpxsPShxrxxkpxxxxxgxpxxPxNxxxpxPxGxxxxLpxPSKxxHpxxPxL','gsnpp');
insert into kifread values(106,48,93,'h',false,false,'N','lxxpxxxxLnxpxPxRxxxgxpxPxxxxxpxsPShxrxxkpxxxxxgxpxxPxNxxxpxPxGxxxMxpxPSKxxHpxxPxL','gsnpp');
insert into kifread values(107,83,93,'M',false, true,'N','lxxpxxxxLnxpxPxRxxxgxpxPxxxxxpxsPSxxrxxkpxxxxxgxpxxPxNxxxpxPxGxxxMxpxPSKxxhpxxPxL','bgsnpp');
insert into kifread values(108,85,86,'p',false,false,'BN','lxxpxxxxLnxpxPxRxxxgxpxPxxxxxpxsPSxxrxxkpxxxxxgxpxxPxNxxxpxPxGxxxxxpxPSKxxMpxxPxL','bgsnpp');
insert into kifread values(109,46,45,'P',false, true,'BN','lxxpxxxxLnxpxPxRxxxgxpxPxxxxxpxsPSxxrxxkpxxxxxgxpxxPxNxxxpxPxGxxxxxxpPSKxxMpxxPxL','bgsnpp');
insert into kifread values(110, 0,95,'n',false,false,'BSN','lxxpxxxxLnxpxPxRxxxgxpxPxxxxxpxPxSxxrxxkpxxxxxgxpxxPxNxxxpxPxGxxxxxxpPSKxxMpxxPxL','bgsnpp');
insert into kifread values(111, 0,84,'B',false, true,'BSN','lxxpxxxxLnxpxPxRxxxgxpxPxxxxxpxPxSxxrxxkpxxxxxgxpxxPxNxxxpxPxGxxxxxxpPSKxxMpnxPxL','bgspp');
insert into kifread values(112, 0,73,'s',false,false,'SN','lxxpxxxxLnxpxPxRxxxgxpxPxxxxxpxPxSxxrxxkpxxxxxgxpxxPxNxxxpxPxGxxxxBxpPSKxxMpnxPxL','bgspp');
insert into kifread values(113,84,73,'B', true, true,'SN','lxxpxxxxLnxpxPxRxxxgxpxPxxxxxpxPxSxxrxxkpxxxxxgxpxxPxNxxspxPxGxxxxBxpPSKxxMpnxPxL','bgpp');
insert into kifread values(114,62,73,'g',false,false,'SSN','lxxpxxxxLnxpxPxRxxxgxpxPxxxxxpxPxSxxrxxkpxxxxxgxpxxPxNxxHpxPxGxxxxxxpPSKxxMpnxPxL','bgpp');
insert into kifread values(115, 0,62,'S',false, true,'SSN','lxxpxxxxLnxpxPxRxxxgxpxPxxxxxpxPxSxxrxxkpxxxxxxxpxxPxNxxgpxPxGxxxxxxpPSKxxMpnxPxL','bbgpp');
insert into kifread values(116,86,87,'p', true,false,'SN','lxxpxxxxLnxpxPxRxxxgxpxPxxxxxpxPxSxxrxxkpxxxxxSxpxxPxNxxgpxPxGxxxxxxpPSKxxMpnxPxL','bbgpp');
insert into kifread values(117,62,51,'S',false, true,'SN','lxxpxxxxLnxpxPxRxxxgxpxPxxxxxpxPxSxxrxxkpxxxxxSxpxxPxNxxgpxPxGxxxxxxxqSKxxMpnxPxL','bbgppp');
insert into kifread values(118,87,88,'q',false,false,'RSN','lxxpxxxxLnxpxPxRxxxgxpxPxxxxxpxPxSxxSxxkpxxxxxxxpxxPxNxxgpxPxGxxxxxxxqSKxxMpnxPxL','bbgppp');
insert into kifread values(119,78,88,'G',false, true,'RSN','lxxpxxxxLnxpxPxRxxxgxpxPxxxxxpxPxSxxSxxkpxxxxxxxpxxPxNxxgpxPxGxxxxxxxxqKxxMpnxPxL','bbgsppp');
insert into kifread values(120, 0,68,'b',false,false,'RSNP','lxxpxxxxLnxpxPxRxxxgxpxPxxxxxpxPxSxxSxxkpxxxxxxxpxxPxNxxgpxPxxxxxxxxxxGKxxMpnxPxL','bbgsppp');
insert into kifread values(121,89,78,'K',false, true,'RSNP','lxxpxxxxLnxpxPxRxxxgxpxPxxxxxpxPxSxxSxxkpxxxxxxxpxxPbNxxgpxPxxxxxxxxxxGKxxMpnxPxL','bgsppp');
insert into kifread values(122, 0,59,'b',false,false,'RSNP','lxxpxxxxLnxpxPxRxxxgxpxPxxxxxpxPxSxxSxxkpxxxxxxxpxxPbNxxgpxPxKxxxxxxxxGxxxMpnxPxL','bgsppp');
insert into kifread values(123, 0,52,'R',false, true,'RSNP','lxxpxxxxLnxpxPxRxxxgxpxPxxxxxpxPxSxxSxxkpxxxbxxxpxxPbNxxgpxPxKxxxxxxxxGxxxMpnxPxL','gsppp');
insert into kifread values(124, 0,53,'s',false,false,'SNP','lxxpxxxxLnxpxPxRxxxgxpxPxxxxxpxPxSxxSRxkpxxxbxxxpxxPbNxxgpxPxKxxxxxxxxGxxxMpnxPxL','gsppp');
insert into kifread values(125,67,66,'P',false, true,'SNP','lxxpxxxxLnxpxPxRxxxgxpxPxxxxxpxPxSxxSRskpxxxbxxxpxxPbNxxgpxPxKxxxxxxxxGxxxMpnxPxL','gppp');
insert into kifread values(126, 0,87,'p',false,false,'SNP','lxxpxxxxLnxpxPxRxxxgxpxPxxxxxpxPxSxxSRskpxxxbxxxpxPxbNxxgpxPxKxxxxxxxxGxxxMpnxPxL','gppp');
insert into kifread values(    127, null, null, null, null, true,    'SNP', 'lxxpxxxxLnxpxPxRxxxgxpxPxxxxxpxPxSxxSRskpxxxbxxxpxPxbNxxgpxPxKxxxxxxxpGxxxMpnxPxL', 'gpp');select kif_insert(1, '2003-09-08', '羽生善治', '谷川浩司', 'w');
I, [2010-05-19T22:41:02.235758 #9527]  INFO -- : (0.000371s) SET standard_conforming_strings = ON
I, [2010-05-19T22:41:02.236143 #9527]  INFO -- : (0.000194s) SET client_min_messages = 'WARNING'
I, [2010-05-19T22:41:02.236369 #9527]  INFO -- : (0.000142s) SET DateStyle = 'ISO'
E, [2010-05-19T22:41:02.288282 #9527] ERROR -- : PGError: ERROR:  duplicate key value violates unique constraint "kifs_id2ch_key"
CONTEXT:  SQL statement "insert into kifs (id2ch, tesu, gdate, black, white, result, kif) values( $1 ,  $2 ,  $3 ,  $4 ,  $5 ,  $6 ,  $7 )"
PL/pgSQL function "kif_insert" line 92 at SQL statement: delete from kifread;delete from new_boards;delete from new_moves;insert into kifread values(  1,77,76,'P',false, true,'','lxpxxxPxLnbpxxxPRNsxpxxxPxSgxpxxxPxGkxpxxxPxKgxpxxxPxGsxpxxxPxSnrpxxxPBNlxpxxxPxL','');
insert into kifread values(  2,33,34,'p',false,false,'','lxpxxxPxLnbpxxxPRNsxpxxxPxSgxpxxxPxGkxpxxxPxKgxpxxxPxGsxpxxPxxSnrpxxxPBNlxpxxxPxL','');
insert into kifread values(  3,27,26,'P',false, true,'','lxpxxxPxLnbpxxxPRNsxxpxxPxSgxpxxxPxGkxpxxxPxKgxpxxxPxGsxpxxPxxSnrpxxxPBNlxpxxxPxL','');
insert into kifread values(  4,41,32,'g',false,false,'','lxpxxxPxLnbpxxPxRNsxxpxxPxSgxpxxxPxGkxpxxxPxKgxpxxxPxGsxpxxPxxSnrpxxxPBNlxpxxxPxL','');
insert into kifread values(  5,69,78,'G',false, true,'','lxpxxxPxLnbpxxPxRNsgxpxxPxSxxpxxxPxGkxpxxxPxKgxpxxxPxGsxpxxPxxSnrpxxxPBNlxpxxxPxL','');
insert into kifread values(  6,13,14,'p',false,false,'','lxpxxxPxLnbpxxPxRNsgxpxxPxSxxpxxxPxGkxpxxxPxKgxpxxxPxxsxpxxPxGSnrpxxxPBNlxpxxxPxL','');
insert into kifread values(  7,39,48,'S',false, true,'','lxxpxxPxLnbpxxPxRNsgxpxxPxSxxpxxxPxGkxpxxxPxKgxpxxxPxxsxpxxPxGSnrpxxxPBNlxpxxxPxL','');
insert into kifread values(  8,83,84,'p',false,false,'','lxxpxxPxLnbpxxPxRNsgxpxxPxxxxpxxxPSGkxpxxxPxKgxpxxxPxxsxpxxPxGSnrpxxxPBNlxpxxxPxL','');
insert into kifread values(  9,67,66,'P',false, true,'','lxxpxxPxLnbpxxPxRNsgxpxxPxxxxpxxxPSGkxpxxxPxKgxpxxxPxxsxpxxPxGSnrxpxxPBNlxpxxxPxL','');
insert into kifread values( 10,84,85,'p',false,false,'','lxxpxxPxLnbpxxPxRNsgxpxxPxxxxpxxxPSGkxpxxxPxKgxpxxPxxxsxpxxPxGSnrxpxxPBNlxpxxxPxL','');
insert into kifread values( 11,88,77,'B',false, true,'','lxxpxxPxLnbpxxPxRNsgxpxxPxxxxpxxxPSGkxpxxxPxKgxpxxPxxxsxpxxPxGSnrxxpxPBNlxpxxxPxL','');
insert into kifread values( 12,71,62,'s',false,false,'','lxxpxxPxLnbpxxPxRNsgxpxxPxxxxpxxxPSGkxpxxxPxKgxpxxPxxxsxpxxPBGSnrxxpxPxNlxpxxxPxL','');
insert into kifread values( 13,49,58,'G',false, true,'','lxxpxxPxLnbpxxPxRNsgxpxxPxxxxpxxxPSGkxpxxxPxKgspxxPxxxxxpxxPBGSnrxxpxPxNlxpxxxPxL','');
insert into kifread values( 14,53,54,'p',false,false,'','lxxpxxPxLnbpxxPxRNsgxpxxPxxxxpxxxPSxkxpxxxPGKgspxxPxxxxxpxxPBGSnrxxpxPxNlxpxxxPxL','');
insert into kifread values( 15,79,88,'S',false, true,'','lxxpxxPxLnbpxxPxRNsgxpxxPxxxxpxxxPSxkxxpxxPGKgspxxPxxxxxpxxPBGSnrxxpxPxNlxpxxxPxL','');
insert into kifread values( 16,22,33,'b',false,false,'','lxxpxxPxLnbpxxPxRNsgxpxxPxxxxpxxxPSxkxxpxxPGKgspxxPxxxxxpxxPBGxnrxxpxPSNlxpxxxPxL','');
insert into kifread values( 17,59,69,'K',false, true,'','lxxpxxPxLnxpxxPxRNsgbpxxPxxxxpxxxPSxkxxpxxPGKgspxxPxxxxxpxxPBGxnrxxpxPSNlxpxxxPxL','');
insert into kifread values( 18,31,22,'s',false,false,'','lxxpxxPxLnxpxxPxRNsgbpxxPxxxxpxxxPSxkxxpxxPGxgspxxPxxKxxpxxPBGxnrxxpxPSNlxpxxxPxL','');
insert into kifread values( 19,58,67,'G',false, true,'','lxxpxxPxLnspxxPxRNxgbpxxPxxxxpxxxPSxkxxpxxPGxgspxxPxxKxxpxxPBGxnrxxpxPSNlxpxxxPxL','');
insert into kifread values( 20,33,42,'b',false,false,'','lxxpxxPxLnspxxPxRNxgbpxxPxxxxpxxxPSxkxxpxxPxxgspxxPGxKxxpxxPBGxnrxxpxPSNlxpxxxPxL','');
insert into kifread values( 21,77,59,'B',false, true,'','lxxpxxPxLnspxxPxRNxgxpxxPxxxbpxxxPSxkxxpxxPxxgspxxPGxKxxpxxPBGxnrxxpxPSNlxpxxxPxL','');
insert into kifread values( 22,85,86,'p',false,false,'','lxxpxxPxLnspxxPxRNxgxpxxPxxxbpxxxPSxkxxpxxPxBgspxxPGxKxxpxxPxGxnrxxpxPSNlxpxxxPxL','');
insert into kifread values( 23,87,86,'P',false, true,'','lxxpxxPxLnspxxPxRNxgxpxxPxxxbpxxxPSxkxxpxxPxBgspxxPGxKxxpxxPxGxnrxxxpPSNlxpxxxPxL','');
insert into kifread values( 24,42,86,'b',false,false,'P','lxxpxxPxLnspxxPxRNxgxpxxPxxxbpxxxPSxkxxpxxPxBgspxxPGxKxxpxxPxGxnrxxxPxSNlxpxxxPxL','');
insert into kifread values( 25,89,77,'N',false, true,'P','lxxpxxPxLnspxxPxRNxgxpxxPxxxxpxxxPSxkxxpxxPxBgspxxPGxKxxpxxPxGxnrxxxbxSNlxpxxxPxL','p');
insert into kifread values( 26,86,42,'b',false,false,'P','lxxpxxPxLnspxxPxRNxgxpxxPxxxxpxxxPSxkxxpxxPxBgspxxPGxKxxpxxPNGxnrxxxbxSxlxpxxxPxL','p');
insert into kifread values( 27, 0,87,'P',false, true,'P','lxxpxxPxLnspxxPxRNxgxpxxPxxxbpxxxPSxkxxpxxPxBgspxxPGxKxxpxxPNGxnrxxxxxSxlxpxxxPxL','p');
insert into kifread values( 28,51,41,'k',false,false,'','lxxpxxPxLnspxxPxRNxgxpxxPxxxbpxxxPSxkxxpxxPxBgspxxPGxKxxpxxPNGxnrxxxxPSxlxpxxxPxL','p');
insert into kifread values( 29,57,56,'P',false, true,'','lxxpxxPxLnspxxPxRNxgxpxxPxxkbpxxxPSxxxxpxxPxBgspxxPGxKxxpxxPNGxnrxxxxPSxlxpxxxPxL','p');
insert into kifread values( 30,22,33,'s',false,false,'','lxxpxxPxLnspxxPxRNxgxpxxPxxkbpxxxPSxxxxpxPxxBgspxxPGxKxxpxxPNGxnrxxxxPSxlxpxxxPxL','p');
insert into kifread values( 31,48,57,'S',false, true,'','lxxpxxPxLnxpxxPxRNxgspxxPxxkbpxxxPSxxxxpxPxxBgspxxPGxKxxpxxPNGxnrxxxxPSxlxpxxxPxL','p');
insert into kifread values( 32,73,74,'p',false,false,'','lxxpxxPxLnxpxxPxRNxgspxxPxxkbpxxxPxxxxxpxPSxBgspxxPGxKxxpxxPNGxnrxxxxPSxlxpxxxPxL','p');
insert into kifread values( 33,37,36,'P',false, true,'','lxxpxxPxLnxpxxPxRNxgspxxPxxkbpxxxPxxxxxpxPSxBgspxxPGxKxxxpxPNGxnrxxxxPSxlxpxxxPxL','p');
insert into kifread values( 34,42,64,'b',false,false,'','lxxpxxPxLnxpxxPxRNxgspxPxxxkbpxxxPxxxxxpxPSxBgspxxPGxKxxxpxPNGxnrxxxxPSxlxpxxxPxL','p');
insert into kifread values( 35,28,18,'R',false, true,'','lxxpxxPxLnxpxxPxRNxgspxPxxxkxpxxxPxxxxxpxPSxBgspbxPGxKxxxpxPNGxnrxxxxPSxlxpxxxPxL','p');
insert into kifread values( 36,33,44,'s',false,false,'','lxxpxxPRLnxpxxPxxNxgspxPxxxkxpxxxPxxxxxpxPSxBgspbxPGxKxxxpxPNGxnrxxxxPSxlxpxxxPxL','p');
insert into kifread values( 37,57,46,'S',false, true,'','lxxpxxPRLnxpxxPxxNxgxpxPxxxkxpsxxPxxxxxpxPSxBgspbxPGxKxxxpxPNGxnrxxxxPSxlxpxxxPxL','p');
insert into kifread values( 38,62,53,'s',false,false,'','lxxpxxPRLnxpxxPxxNxgxpxPxxxkxpsxSPxxxxxpxPxxBgspbxPGxKxxxpxPNGxnrxxxxPSxlxpxxxPxL','p');
insert into kifread values( 39,69,79,'K',false, true,'','lxxpxxPRLnxpxxPxxNxgxpxPxxxkxpsxSPxxxxspxPxxBgxpbxPGxKxxxpxPNGxnrxxxxPSxlxpxxxPxL','p');
insert into kifread values( 40,41,31,'k',false,false,'','lxxpxxPRLnxpxxPxxNxgxpxPxxxkxpsxSPxxxxspxPxxBgxpbxPGxxxxxpxPNGKnrxxxxPSxlxpxxxPxL','p');
insert into kifread values( 41,79,89,'K',false, true,'','lxxpxxPRLnxpxxPxxNkgxpxPxxxxxpsxSPxxxxspxPxxBgxpbxPGxxxxxpxPNGKnrxxxxPSxlxpxxxPxL','p');
insert into kifread values( 42,93,94,'p',false,false,'','lxxpxxPRLnxpxxPxxNkgxpxPxxxxxpsxSPxxxxspxPxxBgxpbxPGxxxxxpxPNGxnrxxxxPSKlxpxxxPxL','p');
insert into kifread values( 43,17,16,'P',false, true,'','lxxpxxPRLnxpxxPxxNkgxpxPxxxxxpsxSPxxxxspxPxxBgxpbxPGxxxxxpxPNGxnrxxxxPSKlxxpxxPxL','p');
insert into kifread values( 44,53,42,'s',false,false,'','lxxpxPxRLnxpxxPxxNkgxpxPxxxxxpsxSPxxxxspxPxxBgxpbxPGxxxxxpxPNGxnrxxxxPSKlxxpxxPxL','p');
insert into kifread values( 45,29,37,'N',false, true,'','lxxpxPxRLnxpxxPxxNkgxpxPxxxxspsxSPxxxxxpxPxxBgxpbxPGxxxxxpxPNGxnrxxxxPSKlxxpxxPxL','p');
insert into kifread values( 46,82,52,'r',false,false,'','lxxpxPxRLnxpxxPxxxkgxpxPNxxxspsxSPxxxxxpxPxxBgxpbxPGxxxxxpxPNGxnrxxxxPSKlxxpxxPxL','p');
insert into kifread values( 47,37,45,'N',false, true,'','lxxpxPxRLnxpxxPxxxkgxpxPNxxxspsxSPxxxrxpxPxxBgxpbxPGxxxxxpxPNGxnxxxxxPSKlxxpxxPxL','p');
insert into kifread values( 48,52,51,'r',false,false,'','lxxpxPxRLnxpxxPxxxkgxpxPxxxxspsNSPxxxrxpxPxxBgxpbxPGxxxxxpxPNGxnxxxxxPSKlxxpxxPxL','p');
insert into kifread values( 49,59,48,'B',false, true,'','lxxpxPxRLnxpxxPxxxkgxpxPxxxxspsNSPxxrxxpxPxxBgxpbxPGxxxxxpxPNGxnxxxxxPSKlxxpxxPxL','p');
insert into kifread values( 50,54,55,'p',false,false,'','lxxpxPxRLnxpxxPxxxkgxpxPxxxxspsNSPBxrxxpxPxxxgxpbxPGxxxxxpxPNGxnxxxxxPSKlxxpxxPxL','p');
insert into kifread values( 51,66,65,'P',false, true,'','lxxpxPxRLnxpxxPxxxkgxpxPxxxxspsNSPBxrxxxpPxxxgxpbxPGxxxxxpxPNGxnxxxxxPSKlxxpxxPxL','p');
insert into kifread values( 52,64,73,'b',false,false,'','lxxpxPxRLnxpxxPxxxkgxpxPxxxxspsNSPBxrxxxpPxxxgxpbPxGxxxxxpxPNGxnxxxxxPSKlxxpxxPxL','p');
insert into kifread values( 53,56,55,'P',false, true,'','lxxpxPxRLnxpxxPxxxkgxpxPxxxxspsNSPBxrxxxpPxxxgxpxPxGxxxxbpxPNGxnxxxxxPSKlxxpxxPxL','p');
insert into kifread values( 54,44,55,'s',false,false,'P','lxxpxPxRLnxpxxPxxxkgxpxPxxxxspsNSPBxrxxxPxxxxgxpxPxGxxxxbpxPNGxnxxxxxPSKlxxpxxPxL','p');
insert into kifread values( 55,46,55,'S',false, true,'P','lxxpxPxRLnxpxxPxxxkgxpxPxxxxspxNSPBxrxxxsxxxxgxpxPxGxxxxbpxPNGxnxxxxxPSKlxxpxxPxL','pp');
insert into kifread values( 56,51,55,'r',false,false,'SP','lxxpxPxRLnxpxxPxxxkgxpxPxxxxspxNxPBxrxxxSxxxxgxpxPxGxxxxbpxPNGxnxxxxxPSKlxxpxxPxL','pp');
insert into kifread values( 57,77,85,'N',false, true,'SP','lxxpxPxRLnxpxxPxxxkgxpxPxxxxspxNxPBxxxxxrxxxxgxpxPxGxxxxbpxPNGxnxxxxxPSKlxxpxxPxL','spp');
insert into kifread values( 58,73,95,'b',false,false,'SP','lxxpxPxRLnxpxxPxxxkgxpxPxxxxspxNxPBxxxxxrxxxxgxpxPxGxxxxbpxPxGxnxxxNxPSKlxxpxxPxL','spp');
insert into kifread values( 59, 0,56,'S',false, true,'SP','lxxpxPxRLnxpxxPxxxkgxpxPxxxxspxNxPBxxxxxrxxxxgxpxPxGxxxxxpxPxGxnxxxNxPSKlxxpbxPxL','spp');
insert into kifread values( 60,55,51,'r',false,false,'P','lxxpxPxRLnxpxxPxxxkgxpxPxxxxspxNxPBxxxxxrSxxxgxpxPxGxxxxxpxPxGxnxxxNxPSKlxxpbxPxL','spp');
insert into kifread values( 61, 0,53,'P',false, true,'P','lxxpxPxRLnxpxxPxxxkgxpxPxxxxspxNxPBxrxxxxSxxxgxpxPxGxxxxxpxPxGxnxxxNxPSKlxxpbxPxL','spp');
insert into kifread values( 62, 0,44,'s',false,false,'','lxxpxPxRLnxpxxPxxxkgxpxPxxxxspxNxPBxrxPxxSxxxgxpxPxGxxxxxpxPxGxnxxxNxPSKlxxpbxPxL','spp');
insert into kifread values( 63,47,46,'P',false, true,'','lxxpxPxRLnxpxxPxxxkgxpxPxxxxspsNxPBxrxPxxSxxxgxpxPxGxxxxxpxPxGxnxxxNxPSKlxxpbxPxL','pp');
insert into kifread values( 64, 0,55,'p',false,false,'','lxxpxPxRLnxpxxPxxxkgxpxPxxxxspsNPxBxrxPxxSxxxgxpxPxGxxxxxpxPxGxnxxxNxPSKlxxpbxPxL','pp');
insert into kifread values( 65,56,47,'S',false, true,'','lxxpxPxRLnxpxxPxxxkgxpxPxxxxspsNPxBxrxPxpSxxxgxpxPxGxxxxxpxPxGxnxxxNxPSKlxxpbxPxL','p');
insert into kifread values( 66,95,62,'b',false,false,'','lxxpxPxRLnxpxxPxxxkgxpxPxxxxspsNPSBxrxPxpxxxxgxpxPxGxxxxxpxPxGxnxxxNxPSKlxxpbxPxL','p');
insert into kifread values( 67,65,64,'P',false, true,'','lxxpxPxRLnxpxxPxxxkgxpxPxxxxspsNPSBxrxPxpxxxxgbpxPxGxxxxxpxPxGxnxxxNxPSKlxxpxxPxL','p');
insert into kifread values( 68,61,72,'g',false,false,'','lxxpxPxRLnxpxxPxxxkgxpxPxxxxspsNPSBxrxPxpxxxxgbpPxxGxxxxxpxPxGxnxxxNxPSKlxxpxxPxL','p');
insert into kifread values( 69,26,25,'P',false, true,'','lxxpxPxRLnxpxxPxxxkgxpxPxxxxspsNPSBxrxPxpxxxxxbpPxxGxxxgxpxPxGxnxxxNxPSKlxxpxxPxL','p');
insert into kifread values( 70,63,64,'p',false,false,'','lxxpxPxRLnxpxPxxxxkgxpxPxxxxspsNPSBxrxPxpxxxxxbpPxxGxxxgxpxPxGxnxxxNxPSKlxxpxxPxL','p');
insert into kifread values( 71,16,15,'P',false, true,'','lxxpxPxRLnxpxPxxxxkgxpxPxxxxspsNPSBxrxPxpxxxxxbxpxxGxxxgxpxPxGxnxxxNxPSKlxxpxxPxL','pp');
insert into kifread values( 72,14,15,'p',false,false,'','lxxpPxxRLnxpxPxxxxkgxpxPxxxxspsNPSBxrxPxpxxxxxbxpxxGxxxgxpxPxGxnxxxNxPSKlxxpxxPxL','pp');
insert into kifread values( 73,48,15,'B',false, true,'','lxxxpxxRLnxpxPxxxxkgxpxPxxxxspsNPSBxrxPxpxxxxxbxpxxGxxxgxpxPxGxnxxxNxPSKlxxpxxPxL','ppp');
insert into kifread values( 74, 0,17,'p',false,false,'P','lxxxBxxRLnxpxPxxxxkgxpxPxxxxspsNPSxxrxPxpxxxxxbxpxxGxxxgxpxPxGxnxxxNxPSKlxxpxxPxL','ppp');
insert into kifread values( 75,18,17,'R',false, true,'P','lxxxBxpRLnxpxPxxxxkgxpxPxxxxspsNPSxxrxPxpxxxxxbxpxxGxxxgxpxPxGxnxxxNxPSKlxxpxxPxL','pp');
insert into kifread values( 76, 0,14,'p',false,false,'PP','lxxxBxRxLnxpxPxxxxkgxpxPxxxxspsNPSxxrxPxpxxxxxbxpxxGxxxgxpxPxGxnxxxNxPSKlxxpxxPxL','pp');
insert into kifread values( 77,15,42,'B', true, true,'PP','lxxpBxRxLnxpxPxxxxkgxpxPxxxxspsNPSxxrxPxpxxxxxbxpxxGxxxgxpxPxGxnxxxNxPSKlxxpxxPxL','p');
insert into kifread values( 78,31,42,'k',false,false,'SPP','lxxpxxRxLnxpxPxxxxkgxpxPxxxxHpsNPSxxrxPxpxxxxxbxpxxGxxxgxpxPxGxnxxxNxPSKlxxpxxPxL','p');
insert into kifread values( 79,53,52,'P', true, true,'SPP','lxxpxxRxLnxpxPxxxxxgxpxPxxxxkpsNPSxxrxPxpxxxxxbxpxxGxxxgxpxPxGxnxxxNxPSKlxxpxxPxL','bp');
insert into kifread values( 80,42,52,'k',false,false,'SPP','lxxpxxRxLnxpxPxxxxxgxpxPxxxxkpsNPSxxrQxxpxxxxxbxpxxGxxxgxpxPxGxnxxxNxPSKlxxpxxPxL','bp');
insert into kifread values( 81, 0,54,'P',false, true,'SPP','lxxpxxRxLnxpxPxxxxxgxpxPxxxxxpsNPSxxrkxxpxxxxxbxpxxGxxxgxpxPxGxnxxxNxPSKlxxpxxPxL','bpp');
insert into kifread values( 82,52,63,'k',false,false,'SP','lxxpxxRxLnxpxPxxxxxgxpxPxxxxxpsNPSxxrkxPpxxxxxbxpxxGxxxgxpxPxGxnxxxNxPSKlxxpxxPxL','bpp');
insert into kifread values( 83, 0,53,'S',false, true,'SP','lxxpxxRxLnxpxPxxxxxgxpxPxxxxxpsNPSxxrxxPpxxxxxbkpxxGxxxgxpxPxGxnxxxNxPSKlxxpxxPxL','bpp');
insert into kifread values( 84,63,54,'k',false,false,'P','lxxpxxRxLnxpxPxxxxxgxpxPxxxxxpsNPSxxrxSPpxxxxxbkpxxGxxxgxpxPxGxnxxxNxPSKlxxpxxPxL','bpp');
insert into kifread values( 85,53,62,'S', true, true,'P','lxxpxxRxLnxpxPxxxxxgxpxPxxxxxpsNPSxxrxSkpxxxxxbxpxxGxxxgxpxPxGxnxxxNxPSKlxxpxxPxL','bppp');
insert into kifread values( 86,72,62,'g',false,false,'BP','lxxpxxRxLnxpxPxxxxxgxpxPxxxxxpsNPSxxrxxkpxxxxxTxpxxGxxxgxpxPxGxnxxxNxPSKlxxpxxPxL','bppp');
insert into kifread values( 87, 0,82,'B',false, true,'BP','lxxpxxRxLnxpxPxxxxxgxpxPxxxxxpsNPSxxrxxkpxxxxxgxpxxGxxxxxpxPxGxnxxxNxPSKlxxpxxPxL','bsppp');
insert into kifread values( 88, 0,84,'p',false,false,'P','lxxpxxRxLnxpxPxxxxxgxpxPxxxxxpsNPSxxrxxkpxxxxxgxpxxGxxxxxpxPxGxnBxxNxPSKlxxpxxPxL','bsppp');
insert into kifread values( 89,82,91,'B', true, true,'P','lxxpxxRxLnxpxPxxxxxgxpxPxxxxxpsNPSxxrxxkpxxxxxgxpxxGxxxxxpxPxGxnBxpNxPSKlxxpxxPxL','bspp');
insert into kifread values( 90,84,85,'p',false,false,'LP','lxxpxxRxLnxpxPxxxxxgxpxPxxxxxpsNPSxxrxxkpxxxxxgxpxxGxxxxxpxPxGxnxxpNxPSKHxxpxxPxL','bspp');
insert into kifread values( 91, 0,84,'L',false, true,'LP','lxxpxxRxLnxpxPxxxxxgxpxPxxxxxpsNPSxxrxxkpxxxxxgxpxxGxxxxxpxPxGxnxxxpxPSKHxxpxxPxL','bsnpp');
insert into kifread values( 92,81,93,'n',false,false,'P','lxxpxxRxLnxpxPxxxxxgxpxPxxxxxpsNPSxxrxxkpxxxxxgxpxxGxxxxxpxPxGxnxxLpxPSKHxxpxxPxL','bsnpp');
insert into kifread values( 93,91,92,'H',false, true,'P','lxxpxxRxLnxpxPxxxxxgxpxPxxxxxpsNPSxxrxxkpxxxxxgxpxxGxxxxxpxPxGxxxxLpxPSKHxnpxxPxL','bsnpp');
insert into kifread values( 94, 0,39,'b',false,false,'P','lxxpxxRxLnxpxPxxxxxgxpxPxxxxxpsNPSxxrxxkpxxxxxgxpxxGxxxxxpxPxGxxxxLpxPSKxHnpxxPxL','bsnpp');
insert into kifread values( 95,92,93,'H',false, true,'P','lxxpxxRxLnxpxPxxxxxgxpxPxxbxxpsNPSxxrxxkpxxxxxgxpxxGxxxxxpxPxGxxxxLpxPSKxHnpxxPxL','snpp');
insert into kifread values( 96,44,45,'s',false,false,'NP','lxxpxxRxLnxpxPxxxxxgxpxPxxbxxpsNPSxxrxxkpxxxxxgxpxxGxxxxxpxPxGxxxxLpxPSKxxHpxxPxL','snpp');
insert into kifread values( 97,17,27,'R',false, true,'NP','lxxpxxRxLnxpxPxxxxxgxpxPxxbxxpxsPSxxrxxkpxxxxxgxpxxGxxxxxpxPxGxxxxLpxPSKxxHpxxPxL','snnpp');
insert into kifread values( 98, 0,66,'n',false,false,'NP','lxxpxxxxLnxpxPxRxxxgxpxPxxbxxpxsPSxxrxxkpxxxxxgxpxxGxxxxxpxPxGxxxxLpxPSKxxHpxxPxL','snnpp');
insert into kifread values( 99,67,66,'G',false, true,'NP','lxxpxxxxLnxpxPxRxxxgxpxPxxbxxpxsPSxxrxxkpxxxxxgxpxnGxxxxxpxPxGxxxxLpxPSKxxHpxxPxL','snpp');
insert into kifread values(100,39,66,'b', true,false,'NNP','lxxpxxxxLnxpxPxRxxxgxpxPxxbxxpxsPSxxrxxkpxxxxxgxpxGxxxxxxpxPxGxxxxLpxPSKxxHpxxPxL','snpp');
insert into kifread values(101, 0,67,'P',false, true,'NNP','lxxpxxxxLnxpxPxRxxxgxpxPxxxxxpxsPSxxrxxkpxxxxxgxpxhxxxxxxpxPxGxxxxLpxPSKxxHpxxPxL','gsnpp');
insert into kifread values(102,66,57,'h',false,false,'NN','lxxpxxxxLnxpxPxRxxxgxpxPxxxxxpxsPSxxrxxkpxxxxxgxpxhPxxxxxpxPxGxxxxLpxPSKxxHpxxPxL','gsnpp');
insert into kifread values(103, 0,69,'N',false, true,'NN','lxxpxxxxLnxpxPxRxxxgxpxPxxxxxpxsPSxxrxxkpxhxxxgxpxxPxxxxxpxPxGxxxxLpxPSKxxHpxxPxL','gsnpp');
insert into kifread values(104,57,48,'h',false,false,'N','lxxpxxxxLnxpxPxRxxxgxpxPxxxxxpxsPSxxrxxkpxhxxxgxpxxPxNxxxpxPxGxxxxLpxPSKxxHpxxPxL','gsnpp');
insert into kifread values(105,84,83,'L', true, true,'N','lxxpxxxxLnxpxPxRxxxgxpxPxxxxxpxsPShxrxxkpxxxxxgxpxxPxNxxxpxPxGxxxxLpxPSKxxHpxxPxL','gsnpp');
insert into kifread values(106,48,93,'h',false,false,'N','lxxpxxxxLnxpxPxRxxxgxpxPxxxxxpxsPShxrxxkpxxxxxgxpxxPxNxxxpxPxGxxxMxpxPSKxxHpxxPxL','gsnpp');
insert into kifread values(107,83,93,'M',false, true,'N','lxxpxxxxLnxpxPxRxxxgxpxPxxxxxpxsPSxxrxxkpxxxxxgxpxxPxNxxxpxPxGxxxMxpxPSKxxhpxxPxL','bgsnpp');
insert into kifread values(108,85,86,'p',false,false,'BN','lxxpxxxxLnxpxPxRxxxgxpxPxxxxxpxsPSxxrxxkpxxxxxgxpxxPxNxxxpxPxGxxxxxpxPSKxxMpxxPxL','bgsnpp');
insert into kifread values(109,46,45,'P',false, true,'BN','lxxpxxxxLnxpxPxRxxxgxpxPxxxxxpxsPSxxrxxkpxxxxxgxpxxPxNxxxpxPxGxxxxxxpPSKxxMpxxPxL','bgsnpp');
insert into kifread values(110, 0,95,'n',false,false,'BSN','lxxpxxxxLnxpxPxRxxxgxpxPxxxxxpxPxSxxrxxkpxxxxxgxpxxPxNxxxpxPxGxxxxxxpPSKxxMpxxPxL','bgsnpp');
insert into kifread values(111, 0,84,'B',false, true,'BSN','lxxpxxxxLnxpxPxRxxxgxpxPxxxxxpxPxSxxrxxkpxxxxxgxpxxPxNxxxpxPxGxxxxxxpPSKxxMpnxPxL','bgspp');
insert into kifread values(112, 0,73,'s',false,false,'SN','lxxpxxxxLnxpxPxRxxxgxpxPxxxxxpxPxSxxrxxkpxxxxxgxpxxPxNxxxpxPxGxxxxBxpPSKxxMpnxPxL','bgspp');
insert into kifread values(113,84,73,'B', true, true,'SN','lxxpxxxxLnxpxPxRxxxgxpxPxxxxxpxPxSxxrxxkpxxxxxgxpxxPxNxxspxPxGxxxxBxpPSKxxMpnxPxL','bgpp');
insert into kifread values(114,62,73,'g',false,false,'SSN','lxxpxxxxLnxpxPxRxxxgxpxPxxxxxpxPxSxxrxxkpxxxxxgxpxxPxNxxHpxPxGxxxxxxpPSKxxMpnxPxL','bgpp');
insert into kifread values(115, 0,62,'S',false, true,'SSN','lxxpxxxxLnxpxPxRxxxgxpxPxxxxxpxPxSxxrxxkpxxxxxxxpxxPxNxxgpxPxGxxxxxxpPSKxxMpnxPxL','bbgpp');
insert into kifread values(116,86,87,'p', true,false,'SN','lxxpxxxxLnxpxPxRxxxgxpxPxxxxxpxPxSxxrxxkpxxxxxSxpxxPxNxxgpxPxGxxxxxxpPSKxxMpnxPxL','bbgpp');
insert into kifread values(117,62,51,'S',false, true,'SN','lxxpxxxxLnxpxPxRxxxgxpxPxxxxxpxPxSxxrxxkpxxxxxSxpxxPxNxxgpxPxGxxxxxxxqSKxxMpnxPxL','bbgppp');
insert into kifread values(118,87,88,'q',false,false,'RSN','lxxpxxxxLnxpxPxRxxxgxpxPxxxxxpxPxSxxSxxkpxxxxxxxpxxPxNxxgpxPxGxxxxxxxqSKxxMpnxPxL','bbgppp');
insert into kifread values(119,78,88,'G',false, true,'RSN','lxxpxxxxLnxpxPxRxxxgxpxPxxxxxpxPxSxxSxxkpxxxxxxxpxxPxNxxgpxPxGxxxxxxxxqKxxMpnxPxL','bbgsppp');
insert into kifread values(120, 0,68,'b',false,false,'RSNP','lxxpxxxxLnxpxPxRxxxgxpxPxxxxxpxPxSxxSxxkpxxxxxxxpxxPxNxxgpxPxxxxxxxxxxGKxxMpnxPxL','bbgsppp');
insert into kifread values(121,89,78,'K',false, true,'RSNP','lxxpxxxxLnxpxPxRxxxgxpxPxxxxxpxPxSxxSxxkpxxxxxxxpxxPbNxxgpxPxxxxxxxxxxGKxxMpnxPxL','bgsppp');
insert into kifread values(122, 0,59,'b',false,false,'RSNP','lxxpxxxxLnxpxPxRxxxgxpxPxxxxxpxPxSxxSxxkpxxxxxxxpxxPbNxxgpxPxKxxxxxxxxGxxxMpnxPxL','bgsppp');
insert into kifread values(123, 0,52,'R',false, true,'RSNP','lxxpxxxxLnxpxPxRxxxgxpxPxxxxxpxPxSxxSxxkpxxxbxxxpxxPbNxxgpxPxKxxxxxxxxGxxxMpnxPxL','gsppp');
insert into kifread values(124, 0,53,'s',false,false,'SNP','lxxpxxxxLnxpxPxRxxxgxpxPxxxxxpxPxSxxSRxkpxxxbxxxpxxPbNxxgpxPxKxxxxxxxxGxxxMpnxPxL','gsppp');
insert into kifread values(125,67,66,'P',false, true,'SNP','lxxpxxxxLnxpxPxRxxxgxpxPxxxxxpxPxSxxSRskpxxxbxxxpxxPbNxxgpxPxKxxxxxxxxGxxxMpnxPxL','gppp');
insert into kifread values(126, 0,87,'p',false,false,'SNP','lxxpxxxxLnxpxPxRxxxgxpxPxxxxxpxPxSxxSRskpxxxbxxxpxPxbNxxgpxPxKxxxxxxxxGxxxMpnxPxL','gppp');
insert into kifread values(    127, null, null, null, null, true,    'SNP', 'lxxpxxxxLnxpxPxRxxxgxpxPxxxxxpxPxSxxSRskpxxxbxxxpxPxbNxxgpxPxKxxxxxxxpGxxxMpnxPxL', 'gpp');select kif_insert(1, '2003-09-08', '羽生善治', '谷川浩司', 'w');
I, [2010-05-19T22:43:30.997818 #9582]  INFO -- : (0.000377s) SET standard_conforming_strings = ON
I, [2010-05-19T22:43:30.998161 #9582]  INFO -- : (0.000177s) SET client_min_messages = 'WARNING'
I, [2010-05-19T22:43:30.998374 #9582]  INFO -- : (0.000142s) SET DateStyle = 'ISO'
E, [2010-05-19T22:43:31.049578 #9582] ERROR -- : PGError: ERROR:  duplicate key value violates unique constraint "kifs_id2ch_key"
CONTEXT:  SQL statement "insert into kifs (id2ch, tesu, gdate, black, white, result, kif) values( $1 ,  $2 ,  $3 ,  $4 ,  $5 ,  $6 ,  $7 )"
PL/pgSQL function "kif_insert" line 92 at SQL statement: delete from kifread;delete from new_boards;delete from new_moves;insert into kifread values(  1,77,76,'P',false, true,'','lxpxxxPxLnbpxxxPRNsxpxxxPxSgxpxxxPxGkxpxxxPxKgxpxxxPxGsxpxxxPxSnrpxxxPBNlxpxxxPxL','');
insert into kifread values(  2,33,34,'p',false,false,'','lxpxxxPxLnbpxxxPRNsxpxxxPxSgxpxxxPxGkxpxxxPxKgxpxxxPxGsxpxxPxxSnrpxxxPBNlxpxxxPxL','');
insert into kifread values(  3,27,26,'P',false, true,'','lxpxxxPxLnbpxxxPRNsxxpxxPxSgxpxxxPxGkxpxxxPxKgxpxxxPxGsxpxxPxxSnrpxxxPBNlxpxxxPxL','');
insert into kifread values(  4,41,32,'g',false,false,'','lxpxxxPxLnbpxxPxRNsxxpxxPxSgxpxxxPxGkxpxxxPxKgxpxxxPxGsxpxxPxxSnrpxxxPBNlxpxxxPxL','');
insert into kifread values(  5,69,78,'G',false, true,'','lxpxxxPxLnbpxxPxRNsgxpxxPxSxxpxxxPxGkxpxxxPxKgxpxxxPxGsxpxxPxxSnrpxxxPBNlxpxxxPxL','');
insert into kifread values(  6,13,14,'p',false,false,'','lxpxxxPxLnbpxxPxRNsgxpxxPxSxxpxxxPxGkxpxxxPxKgxpxxxPxxsxpxxPxGSnrpxxxPBNlxpxxxPxL','');
insert into kifread values(  7,39,48,'S',false, true,'','lxxpxxPxLnbpxxPxRNsgxpxxPxSxxpxxxPxGkxpxxxPxKgxpxxxPxxsxpxxPxGSnrpxxxPBNlxpxxxPxL','');
insert into kifread values(  8,83,84,'p',false,false,'','lxxpxxPxLnbpxxPxRNsgxpxxPxxxxpxxxPSGkxpxxxPxKgxpxxxPxxsxpxxPxGSnrpxxxPBNlxpxxxPxL','');
insert into kifread values(  9,67,66,'P',false, true,'','lxxpxxPxLnbpxxPxRNsgxpxxPxxxxpxxxPSGkxpxxxPxKgxpxxxPxxsxpxxPxGSnrxpxxPBNlxpxxxPxL','');
insert into kifread values( 10,84,85,'p',false,false,'','lxxpxxPxLnbpxxPxRNsgxpxxPxxxxpxxxPSGkxpxxxPxKgxpxxPxxxsxpxxPxGSnrxpxxPBNlxpxxxPxL','');
insert into kifread values( 11,88,77,'B',false, true,'','lxxpxxPxLnbpxxPxRNsgxpxxPxxxxpxxxPSGkxpxxxPxKgxpxxPxxxsxpxxPxGSnrxxpxPBNlxpxxxPxL','');
insert into kifread values( 12,71,62,'s',false,false,'','lxxpxxPxLnbpxxPxRNsgxpxxPxxxxpxxxPSGkxpxxxPxKgxpxxPxxxsxpxxPBGSnrxxpxPxNlxpxxxPxL','');
insert into kifread values( 13,49,58,'G',false, true,'','lxxpxxPxLnbpxxPxRNsgxpxxPxxxxpxxxPSGkxpxxxPxKgspxxPxxxxxpxxPBGSnrxxpxPxNlxpxxxPxL','');
insert into kifread values( 14,53,54,'p',false,false,'','lxxpxxPxLnbpxxPxRNsgxpxxPxxxxpxxxPSxkxpxxxPGKgspxxPxxxxxpxxPBGSnrxxpxPxNlxpxxxPxL','');
insert into kifread values( 15,79,88,'S',false, true,'','lxxpxxPxLnbpxxPxRNsgxpxxPxxxxpxxxPSxkxxpxxPGKgspxxPxxxxxpxxPBGSnrxxpxPxNlxpxxxPxL','');
insert into kifread values( 16,22,33,'b',false,false,'','lxxpxxPxLnbpxxPxRNsgxpxxPxxxxpxxxPSxkxxpxxPGKgspxxPxxxxxpxxPBGxnrxxpxPSNlxpxxxPxL','');
insert into kifread values( 17,59,69,'K',false, true,'','lxxpxxPxLnxpxxPxRNsgbpxxPxxxxpxxxPSxkxxpxxPGKgspxxPxxxxxpxxPBGxnrxxpxPSNlxpxxxPxL','');
insert into kifread values( 18,31,22,'s',false,false,'','lxxpxxPxLnxpxxPxRNsgbpxxPxxxxpxxxPSxkxxpxxPGxgspxxPxxKxxpxxPBGxnrxxpxPSNlxpxxxPxL','');
insert into kifread values( 19,58,67,'G',false, true,'','lxxpxxPxLnspxxPxRNxgbpxxPxxxxpxxxPSxkxxpxxPGxgspxxPxxKxxpxxPBGxnrxxpxPSNlxpxxxPxL','');
insert into kifread values( 20,33,42,'b',false,false,'','lxxpxxPxLnspxxPxRNxgbpxxPxxxxpxxxPSxkxxpxxPxxgspxxPGxKxxpxxPBGxnrxxpxPSNlxpxxxPxL','');
insert into kifread values( 21,77,59,'B',false, true,'','lxxpxxPxLnspxxPxRNxgxpxxPxxxbpxxxPSxkxxpxxPxxgspxxPGxKxxpxxPBGxnrxxpxPSNlxpxxxPxL','');
insert into kifread values( 22,85,86,'p',false,false,'','lxxpxxPxLnspxxPxRNxgxpxxPxxxbpxxxPSxkxxpxxPxBgspxxPGxKxxpxxPxGxnrxxpxPSNlxpxxxPxL','');
insert into kifread values( 23,87,86,'P',false, true,'','lxxpxxPxLnspxxPxRNxgxpxxPxxxbpxxxPSxkxxpxxPxBgspxxPGxKxxpxxPxGxnrxxxpPSNlxpxxxPxL','');
insert into kifread values( 24,42,86,'b',false,false,'P','lxxpxxPxLnspxxPxRNxgxpxxPxxxbpxxxPSxkxxpxxPxBgspxxPGxKxxpxxPxGxnrxxxPxSNlxpxxxPxL','');
insert into kifread values( 25,89,77,'N',false, true,'P','lxxpxxPxLnspxxPxRNxgxpxxPxxxxpxxxPSxkxxpxxPxBgspxxPGxKxxpxxPxGxnrxxxbxSNlxpxxxPxL','p');
insert into kifread values( 26,86,42,'b',false,false,'P','lxxpxxPxLnspxxPxRNxgxpxxPxxxxpxxxPSxkxxpxxPxBgspxxPGxKxxpxxPNGxnrxxxbxSxlxpxxxPxL','p');
insert into kifread values( 27, 0,87,'P',false, true,'P','lxxpxxPxLnspxxPxRNxgxpxxPxxxbpxxxPSxkxxpxxPxBgspxxPGxKxxpxxPNGxnrxxxxxSxlxpxxxPxL','p');
insert into kifread values( 28,51,41,'k',false,false,'','lxxpxxPxLnspxxPxRNxgxpxxPxxxbpxxxPSxkxxpxxPxBgspxxPGxKxxpxxPNGxnrxxxxPSxlxpxxxPxL','p');
insert into kifread values( 29,57,56,'P',false, true,'','lxxpxxPxLnspxxPxRNxgxpxxPxxkbpxxxPSxxxxpxxPxBgspxxPGxKxxpxxPNGxnrxxxxPSxlxpxxxPxL','p');
insert into kifread values( 30,22,33,'s',false,false,'','lxxpxxPxLnspxxPxRNxgxpxxPxxkbpxxxPSxxxxpxPxxBgspxxPGxKxxpxxPNGxnrxxxxPSxlxpxxxPxL','p');
insert into kifread values( 31,48,57,'S',false, true,'','lxxpxxPxLnxpxxPxRNxgspxxPxxkbpxxxPSxxxxpxPxxBgspxxPGxKxxpxxPNGxnrxxxxPSxlxpxxxPxL','p');
insert into kifread values( 32,73,74,'p',false,false,'','lxxpxxPxLnxpxxPxRNxgspxxPxxkbpxxxPxxxxxpxPSxBgspxxPGxKxxpxxPNGxnrxxxxPSxlxpxxxPxL','p');
insert into kifread values( 33,37,36,'P',false, true,'','lxxpxxPxLnxpxxPxRNxgspxxPxxkbpxxxPxxxxxpxPSxBgspxxPGxKxxxpxPNGxnrxxxxPSxlxpxxxPxL','p');
insert into kifread values( 34,42,64,'b',false,false,'','lxxpxxPxLnxpxxPxRNxgspxPxxxkbpxxxPxxxxxpxPSxBgspxxPGxKxxxpxPNGxnrxxxxPSxlxpxxxPxL','p');
insert into kifread values( 35,28,18,'R',false, true,'','lxxpxxPxLnxpxxPxRNxgspxPxxxkxpxxxPxxxxxpxPSxBgspbxPGxKxxxpxPNGxnrxxxxPSxlxpxxxPxL','p');
insert into kifread values( 36,33,44,'s',false,false,'','lxxpxxPRLnxpxxPxxNxgspxPxxxkxpxxxPxxxxxpxPSxBgspbxPGxKxxxpxPNGxnrxxxxPSxlxpxxxPxL','p');
insert into kifread values( 37,57,46,'S',false, true,'','lxxpxxPRLnxpxxPxxNxgxpxPxxxkxpsxxPxxxxxpxPSxBgspbxPGxKxxxpxPNGxnrxxxxPSxlxpxxxPxL','p');
insert into kifread values( 38,62,53,'s',false,false,'','lxxpxxPRLnxpxxPxxNxgxpxPxxxkxpsxSPxxxxxpxPxxBgspbxPGxKxxxpxPNGxnrxxxxPSxlxpxxxPxL','p');
insert into kifread values( 39,69,79,'K',false, true,'','lxxpxxPRLnxpxxPxxNxgxpxPxxxkxpsxSPxxxxspxPxxBgxpbxPGxKxxxpxPNGxnrxxxxPSxlxpxxxPxL','p');
insert into kifread values( 40,41,31,'k',false,false,'','lxxpxxPRLnxpxxPxxNxgxpxPxxxkxpsxSPxxxxspxPxxBgxpbxPGxxxxxpxPNGKnrxxxxPSxlxpxxxPxL','p');
insert into kifread values( 41,79,89,'K',false, true,'','lxxpxxPRLnxpxxPxxNkgxpxPxxxxxpsxSPxxxxspxPxxBgxpbxPGxxxxxpxPNGKnrxxxxPSxlxpxxxPxL','p');
insert into kifread values( 42,93,94,'p',false,false,'','lxxpxxPRLnxpxxPxxNkgxpxPxxxxxpsxSPxxxxspxPxxBgxpbxPGxxxxxpxPNGxnrxxxxPSKlxpxxxPxL','p');
insert into kifread values( 43,17,16,'P',false, true,'','lxxpxxPRLnxpxxPxxNkgxpxPxxxxxpsxSPxxxxspxPxxBgxpbxPGxxxxxpxPNGxnrxxxxPSKlxxpxxPxL','p');
insert into kifread values( 44,53,42,'s',false,false,'','lxxpxPxRLnxpxxPxxNkgxpxPxxxxxpsxSPxxxxspxPxxBgxpbxPGxxxxxpxPNGxnrxxxxPSKlxxpxxPxL','p');
insert into kifread values( 45,29,37,'N',false, true,'','lxxpxPxRLnxpxxPxxNkgxpxPxxxxspsxSPxxxxxpxPxxBgxpbxPGxxxxxpxPNGxnrxxxxPSKlxxpxxPxL','p');
insert into kifread values( 46,82,52,'r',false,false,'','lxxpxPxRLnxpxxPxxxkgxpxPNxxxspsxSPxxxxxpxPxxBgxpbxPGxxxxxpxPNGxnrxxxxPSKlxxpxxPxL','p');
insert into kifread values( 47,37,45,'N',false, true,'','lxxpxPxRLnxpxxPxxxkgxpxPNxxxspsxSPxxxrxpxPxxBgxpbxPGxxxxxpxPNGxnxxxxxPSKlxxpxxPxL','p');
insert into kifread values( 48,52,51,'r',false,false,'','lxxpxPxRLnxpxxPxxxkgxpxPxxxxspsNSPxxxrxpxPxxBgxpbxPGxxxxxpxPNGxnxxxxxPSKlxxpxxPxL','p');
insert into kifread values( 49,59,48,'B',false, true,'','lxxpxPxRLnxpxxPxxxkgxpxPxxxxspsNSPxxrxxpxPxxBgxpbxPGxxxxxpxPNGxnxxxxxPSKlxxpxxPxL','p');
insert into kifread values( 50,54,55,'p',false,false,'','lxxpxPxRLnxpxxPxxxkgxpxPxxxxspsNSPBxrxxpxPxxxgxpbxPGxxxxxpxPNGxnxxxxxPSKlxxpxxPxL','p');
insert into kifread values( 51,66,65,'P',false, true,'','lxxpxPxRLnxpxxPxxxkgxpxPxxxxspsNSPBxrxxxpPxxxgxpbxPGxxxxxpxPNGxnxxxxxPSKlxxpxxPxL','p');
insert into kifread values( 52,64,73,'b',false,false,'','lxxpxPxRLnxpxxPxxxkgxpxPxxxxspsNSPBxrxxxpPxxxgxpbPxGxxxxxpxPNGxnxxxxxPSKlxxpxxPxL','p');
insert into kifread values( 53,56,55,'P',false, true,'','lxxpxPxRLnxpxxPxxxkgxpxPxxxxspsNSPBxrxxxpPxxxgxpxPxGxxxxbpxPNGxnxxxxxPSKlxxpxxPxL','p');
insert into kifread values( 54,44,55,'s',false,false,'P','lxxpxPxRLnxpxxPxxxkgxpxPxxxxspsNSPBxrxxxPxxxxgxpxPxGxxxxbpxPNGxnxxxxxPSKlxxpxxPxL','p');
insert into kifread values( 55,46,55,'S',false, true,'P','lxxpxPxRLnxpxxPxxxkgxpxPxxxxspxNSPBxrxxxsxxxxgxpxPxGxxxxbpxPNGxnxxxxxPSKlxxpxxPxL','pp');
insert into kifread values( 56,51,55,'r',false,false,'SP','lxxpxPxRLnxpxxPxxxkgxpxPxxxxspxNxPBxrxxxSxxxxgxpxPxGxxxxbpxPNGxnxxxxxPSKlxxpxxPxL','pp');
insert into kifread values( 57,77,85,'N',false, true,'SP','lxxpxPxRLnxpxxPxxxkgxpxPxxxxspxNxPBxxxxxrxxxxgxpxPxGxxxxbpxPNGxnxxxxxPSKlxxpxxPxL','spp');
insert into kifread values( 58,73,95,'b',false,false,'SP','lxxpxPxRLnxpxxPxxxkgxpxPxxxxspxNxPBxxxxxrxxxxgxpxPxGxxxxbpxPxGxnxxxNxPSKlxxpxxPxL','spp');
insert into kifread values( 59, 0,56,'S',false, true,'SP','lxxpxPxRLnxpxxPxxxkgxpxPxxxxspxNxPBxxxxxrxxxxgxpxPxGxxxxxpxPxGxnxxxNxPSKlxxpbxPxL','spp');
insert into kifread values( 60,55,51,'r',false,false,'P','lxxpxPxRLnxpxxPxxxkgxpxPxxxxspxNxPBxxxxxrSxxxgxpxPxGxxxxxpxPxGxnxxxNxPSKlxxpbxPxL','spp');
insert into kifread values( 61, 0,53,'P',false, true,'P','lxxpxPxRLnxpxxPxxxkgxpxPxxxxspxNxPBxrxxxxSxxxgxpxPxGxxxxxpxPxGxnxxxNxPSKlxxpbxPxL','spp');
insert into kifread values( 62, 0,44,'s',false,false,'','lxxpxPxRLnxpxxPxxxkgxpxPxxxxspxNxPBxrxPxxSxxxgxpxPxGxxxxxpxPxGxnxxxNxPSKlxxpbxPxL','spp');
insert into kifread values( 63,47,46,'P',false, true,'','lxxpxPxRLnxpxxPxxxkgxpxPxxxxspsNxPBxrxPxxSxxxgxpxPxGxxxxxpxPxGxnxxxNxPSKlxxpbxPxL','pp');
insert into kifread values( 64, 0,55,'p',false,false,'','lxxpxPxRLnxpxxPxxxkgxpxPxxxxspsNPxBxrxPxxSxxxgxpxPxGxxxxxpxPxGxnxxxNxPSKlxxpbxPxL','pp');
insert into kifread values( 65,56,47,'S',false, true,'','lxxpxPxRLnxpxxPxxxkgxpxPxxxxspsNPxBxrxPxpSxxxgxpxPxGxxxxxpxPxGxnxxxNxPSKlxxpbxPxL','p');
insert into kifread values( 66,95,62,'b',false,false,'','lxxpxPxRLnxpxxPxxxkgxpxPxxxxspsNPSBxrxPxpxxxxgxpxPxGxxxxxpxPxGxnxxxNxPSKlxxpbxPxL','p');
insert into kifread values( 67,65,64,'P',false, true,'','lxxpxPxRLnxpxxPxxxkgxpxPxxxxspsNPSBxrxPxpxxxxgbpxPxGxxxxxpxPxGxnxxxNxPSKlxxpxxPxL','p');
insert into kifread values( 68,61,72,'g',false,false,'','lxxpxPxRLnxpxxPxxxkgxpxPxxxxspsNPSBxrxPxpxxxxgbpPxxGxxxxxpxPxGxnxxxNxPSKlxxpxxPxL','p');
insert into kifread values( 69,26,25,'P',false, true,'','lxxpxPxRLnxpxxPxxxkgxpxPxxxxspsNPSBxrxPxpxxxxxbpPxxGxxxgxpxPxGxnxxxNxPSKlxxpxxPxL','p');
insert into kifread values( 70,63,64,'p',false,false,'','lxxpxPxRLnxpxPxxxxkgxpxPxxxxspsNPSBxrxPxpxxxxxbpPxxGxxxgxpxPxGxnxxxNxPSKlxxpxxPxL','p');
insert into kifread values( 71,16,15,'P',false, true,'','lxxpxPxRLnxpxPxxxxkgxpxPxxxxspsNPSBxrxPxpxxxxxbxpxxGxxxgxpxPxGxnxxxNxPSKlxxpxxPxL','pp');
insert into kifread values( 72,14,15,'p',false,false,'','lxxpPxxRLnxpxPxxxxkgxpxPxxxxspsNPSBxrxPxpxxxxxbxpxxGxxxgxpxPxGxnxxxNxPSKlxxpxxPxL','pp');
insert into kifread values( 73,48,15,'B',false, true,'','lxxxpxxRLnxpxPxxxxkgxpxPxxxxspsNPSBxrxPxpxxxxxbxpxxGxxxgxpxPxGxnxxxNxPSKlxxpxxPxL','ppp');
insert into kifread values( 74, 0,17,'p',false,false,'P','lxxxBxxRLnxpxPxxxxkgxpxPxxxxspsNPSxxrxPxpxxxxxbxpxxGxxxgxpxPxGxnxxxNxPSKlxxpxxPxL','ppp');
insert into kifread values( 75,18,17,'R',false, true,'P','lxxxBxpRLnxpxPxxxxkgxpxPxxxxspsNPSxxrxPxpxxxxxbxpxxGxxxgxpxPxGxnxxxNxPSKlxxpxxPxL','pp');
insert into kifread values( 76, 0,14,'p',false,false,'PP','lxxxBxRxLnxpxPxxxxkgxpxPxxxxspsNPSxxrxPxpxxxxxbxpxxGxxxgxpxPxGxnxxxNxPSKlxxpxxPxL','pp');
insert into kifread values( 77,15,42,'B', true, true,'PP','lxxpBxRxLnxpxPxxxxkgxpxPxxxxspsNPSxxrxPxpxxxxxbxpxxGxxxgxpxPxGxnxxxNxPSKlxxpxxPxL','p');
insert into kifread values( 78,31,42,'k',false,false,'SPP','lxxpxxRxLnxpxPxxxxkgxpxPxxxxHpsNPSxxrxPxpxxxxxbxpxxGxxxgxpxPxGxnxxxNxPSKlxxpxxPxL','p');
insert into kifread values( 79,53,52,'P', true, true,'SPP','lxxpxxRxLnxpxPxxxxxgxpxPxxxxkpsNPSxxrxPxpxxxxxbxpxxGxxxgxpxPxGxnxxxNxPSKlxxpxxPxL','bp');
insert into kifread values( 80,42,52,'k',false,false,'SPP','lxxpxxRxLnxpxPxxxxxgxpxPxxxxkpsNPSxxrQxxpxxxxxbxpxxGxxxgxpxPxGxnxxxNxPSKlxxpxxPxL','bp');
insert into kifread values( 81, 0,54,'P',false, true,'SPP','lxxpxxRxLnxpxPxxxxxgxpxPxxxxxpsNPSxxrkxxpxxxxxbxpxxGxxxgxpxPxGxnxxxNxPSKlxxpxxPxL','bpp');
insert into kifread values( 82,52,63,'k',false,false,'SP','lxxpxxRxLnxpxPxxxxxgxpxPxxxxxpsNPSxxrkxPpxxxxxbxpxxGxxxgxpxPxGxnxxxNxPSKlxxpxxPxL','bpp');
insert into kifread values( 83, 0,53,'S',false, true,'SP','lxxpxxRxLnxpxPxxxxxgxpxPxxxxxpsNPSxxrxxPpxxxxxbkpxxGxxxgxpxPxGxnxxxNxPSKlxxpxxPxL','bpp');
insert into kifread values( 84,63,54,'k',false,false,'P','lxxpxxRxLnxpxPxxxxxgxpxPxxxxxpsNPSxxrxSPpxxxxxbkpxxGxxxgxpxPxGxnxxxNxPSKlxxpxxPxL','bpp');
insert into kifread values( 85,53,62,'S', true, true,'P','lxxpxxRxLnxpxPxxxxxgxpxPxxxxxpsNPSxxrxSkpxxxxxbxpxxGxxxgxpxPxGxnxxxNxPSKlxxpxxPxL','bppp');
insert into kifread values( 86,72,62,'g',false,false,'BP','lxxpxxRxLnxpxPxxxxxgxpxPxxxxxpsNPSxxrxxkpxxxxxTxpxxGxxxgxpxPxGxnxxxNxPSKlxxpxxPxL','bppp');
insert into kifread values( 87, 0,82,'B',false, true,'BP','lxxpxxRxLnxpxPxxxxxgxpxPxxxxxpsNPSxxrxxkpxxxxxgxpxxGxxxxxpxPxGxnxxxNxPSKlxxpxxPxL','bsppp');
insert into kifread values( 88, 0,84,'p',false,false,'P','lxxpxxRxLnxpxPxxxxxgxpxPxxxxxpsNPSxxrxxkpxxxxxgxpxxGxxxxxpxPxGxnBxxNxPSKlxxpxxPxL','bsppp');
insert into kifread values( 89,82,91,'B', true, true,'P','lxxpxxRxLnxpxPxxxxxgxpxPxxxxxpsNPSxxrxxkpxxxxxgxpxxGxxxxxpxPxGxnBxpNxPSKlxxpxxPxL','bspp');
insert into kifread values( 90,84,85,'p',false,false,'LP','lxxpxxRxLnxpxPxxxxxgxpxPxxxxxpsNPSxxrxxkpxxxxxgxpxxGxxxxxpxPxGxnxxpNxPSKHxxpxxPxL','bspp');
insert into kifread values( 91, 0,84,'L',false, true,'LP','lxxpxxRxLnxpxPxxxxxgxpxPxxxxxpsNPSxxrxxkpxxxxxgxpxxGxxxxxpxPxGxnxxxpxPSKHxxpxxPxL','bsnpp');
insert into kifread values( 92,81,93,'n',false,false,'P','lxxpxxRxLnxpxPxxxxxgxpxPxxxxxpsNPSxxrxxkpxxxxxgxpxxGxxxxxpxPxGxnxxLpxPSKHxxpxxPxL','bsnpp');
insert into kifread values( 93,91,92,'H',false, true,'P','lxxpxxRxLnxpxPxxxxxgxpxPxxxxxpsNPSxxrxxkpxxxxxgxpxxGxxxxxpxPxGxxxxLpxPSKHxnpxxPxL','bsnpp');
insert into kifread values( 94, 0,39,'b',false,false,'P','lxxpxxRxLnxpxPxxxxxgxpxPxxxxxpsNPSxxrxxkpxxxxxgxpxxGxxxxxpxPxGxxxxLpxPSKxHnpxxPxL','bsnpp');
insert into kifread values( 95,92,93,'H',false, true,'P','lxxpxxRxLnxpxPxxxxxgxpxPxxbxxpsNPSxxrxxkpxxxxxgxpxxGxxxxxpxPxGxxxxLpxPSKxHnpxxPxL','snpp');
insert into kifread values( 96,44,45,'s',false,false,'NP','lxxpxxRxLnxpxPxxxxxgxpxPxxbxxpsNPSxxrxxkpxxxxxgxpxxGxxxxxpxPxGxxxxLpxPSKxxHpxxPxL','snpp');
insert into kifread values( 97,17,27,'R',false, true,'NP','lxxpxxRxLnxpxPxxxxxgxpxPxxbxxpxsPSxxrxxkpxxxxxgxpxxGxxxxxpxPxGxxxxLpxPSKxxHpxxPxL','snnpp');
insert into kifread values( 98, 0,66,'n',false,false,'NP','lxxpxxxxLnxpxPxRxxxgxpxPxxbxxpxsPSxxrxxkpxxxxxgxpxxGxxxxxpxPxGxxxxLpxPSKxxHpxxPxL','snnpp');
insert into kifread values( 99,67,66,'G',false, true,'NP','lxxpxxxxLnxpxPxRxxxgxpxPxxbxxpxsPSxxrxxkpxxxxxgxpxnGxxxxxpxPxGxxxxLpxPSKxxHpxxPxL','snpp');
insert into kifread values(100,39,66,'b', true,false,'NNP','lxxpxxxxLnxpxPxRxxxgxpxPxxbxxpxsPSxxrxxkpxxxxxgxpxGxxxxxxpxPxGxxxxLpxPSKxxHpxxPxL','snpp');
insert into kifread values(101, 0,67,'P',false, true,'NNP','lxxpxxxxLnxpxPxRxxxgxpxPxxxxxpxsPSxxrxxkpxxxxxgxpxhxxxxxxpxPxGxxxxLpxPSKxxHpxxPxL','gsnpp');
insert into kifread values(102,66,57,'h',false,false,'NN','lxxpxxxxLnxpxPxRxxxgxpxPxxxxxpxsPSxxrxxkpxxxxxgxpxhPxxxxxpxPxGxxxxLpxPSKxxHpxxPxL','gsnpp');
insert into kifread values(103, 0,69,'N',false, true,'NN','lxxpxxxxLnxpxPxRxxxgxpxPxxxxxpxsPSxxrxxkpxhxxxgxpxxPxxxxxpxPxGxxxxLpxPSKxxHpxxPxL','gsnpp');
insert into kifread values(104,57,48,'h',false,false,'N','lxxpxxxxLnxpxPxRxxxgxpxPxxxxxpxsPSxxrxxkpxhxxxgxpxxPxNxxxpxPxGxxxxLpxPSKxxHpxxPxL','gsnpp');
insert into kifread values(105,84,83,'L', true, true,'N','lxxpxxxxLnxpxPxRxxxgxpxPxxxxxpxsPShxrxxkpxxxxxgxpxxPxNxxxpxPxGxxxxLpxPSKxxHpxxPxL','gsnpp');
insert into kifread values(106,48,93,'h',false,false,'N','lxxpxxxxLnxpxPxRxxxgxpxPxxxxxpxsPShxrxxkpxxxxxgxpxxPxNxxxpxPxGxxxMxpxPSKxxHpxxPxL','gsnpp');
insert into kifread values(107,83,93,'M',false, true,'N','lxxpxxxxLnxpxPxRxxxgxpxPxxxxxpxsPSxxrxxkpxxxxxgxpxxPxNxxxpxPxGxxxMxpxPSKxxhpxxPxL','bgsnpp');
insert into kifread values(108,85,86,'p',false,false,'BN','lxxpxxxxLnxpxPxRxxxgxpxPxxxxxpxsPSxxrxxkpxxxxxgxpxxPxNxxxpxPxGxxxxxpxPSKxxMpxxPxL','bgsnpp');
insert into kifread values(109,46,45,'P',false, true,'BN','lxxpxxxxLnxpxPxRxxxgxpxPxxxxxpxsPSxxrxxkpxxxxxgxpxxPxNxxxpxPxGxxxxxxpPSKxxMpxxPxL','bgsnpp');
insert into kifread values(110, 0,95,'n',false,false,'BSN','lxxpxxxxLnxpxPxRxxxgxpxPxxxxxpxPxSxxrxxkpxxxxxgxpxxPxNxxxpxPxGxxxxxxpPSKxxMpxxPxL','bgsnpp');
insert into kifread values(111, 0,84,'B',false, true,'BSN','lxxpxxxxLnxpxPxRxxxgxpxPxxxxxpxPxSxxrxxkpxxxxxgxpxxPxNxxxpxPxGxxxxxxpPSKxxMpnxPxL','bgspp');
insert into kifread values(112, 0,73,'s',false,false,'SN','lxxpxxxxLnxpxPxRxxxgxpxPxxxxxpxPxSxxrxxkpxxxxxgxpxxPxNxxxpxPxGxxxxBxpPSKxxMpnxPxL','bgspp');
insert into kifread values(113,84,73,'B', true, true,'SN','lxxpxxxxLnxpxPxRxxxgxpxPxxxxxpxPxSxxrxxkpxxxxxgxpxxPxNxxspxPxGxxxxBxpPSKxxMpnxPxL','bgpp');
insert into kifread values(114,62,73,'g',false,false,'SSN','lxxpxxxxLnxpxPxRxxxgxpxPxxxxxpxPxSxxrxxkpxxxxxgxpxxPxNxxHpxPxGxxxxxxpPSKxxMpnxPxL','bgpp');
insert into kifread values(115, 0,62,'S',false, true,'SSN','lxxpxxxxLnxpxPxRxxxgxpxPxxxxxpxPxSxxrxxkpxxxxxxxpxxPxNxxgpxPxGxxxxxxpPSKxxMpnxPxL','bbgpp');
insert into kifread values(116,86,87,'p', true,false,'SN','lxxpxxxxLnxpxPxRxxxgxpxPxxxxxpxPxSxxrxxkpxxxxxSxpxxPxNxxgpxPxGxxxxxxpPSKxxMpnxPxL','bbgpp');
insert into kifread values(117,62,51,'S',false, true,'SN','lxxpxxxxLnxpxPxRxxxgxpxPxxxxxpxPxSxxrxxkpxxxxxSxpxxPxNxxgpxPxGxxxxxxxqSKxxMpnxPxL','bbgppp');
insert into kifread values(118,87,88,'q',false,false,'RSN','lxxpxxxxLnxpxPxRxxxgxpxPxxxxxpxPxSxxSxxkpxxxxxxxpxxPxNxxgpxPxGxxxxxxxqSKxxMpnxPxL','bbgppp');
insert into kifread values(119,78,88,'G',false, true,'RSN','lxxpxxxxLnxpxPxRxxxgxpxPxxxxxpxPxSxxSxxkpxxxxxxxpxxPxNxxgpxPxGxxxxxxxxqKxxMpnxPxL','bbgsppp');
insert into kifread values(120, 0,68,'b',false,false,'RSNP','lxxpxxxxLnxpxPxRxxxgxpxPxxxxxpxPxSxxSxxkpxxxxxxxpxxPxNxxgpxPxxxxxxxxxxGKxxMpnxPxL','bbgsppp');
insert into kifread values(121,89,78,'K',false, true,'RSNP','lxxpxxxxLnxpxPxRxxxgxpxPxxxxxpxPxSxxSxxkpxxxxxxxpxxPbNxxgpxPxxxxxxxxxxGKxxMpnxPxL','bgsppp');
insert into kifread values(122, 0,59,'b',false,false,'RSNP','lxxpxxxxLnxpxPxRxxxgxpxPxxxxxpxPxSxxSxxkpxxxxxxxpxxPbNxxgpxPxKxxxxxxxxGxxxMpnxPxL','bgsppp');
insert into kifread values(123, 0,52,'R',false, true,'RSNP','lxxpxxxxLnxpxPxRxxxgxpxPxxxxxpxPxSxxSxxkpxxxbxxxpxxPbNxxgpxPxKxxxxxxxxGxxxMpnxPxL','gsppp');
insert into kifread values(124, 0,53,'s',false,false,'SNP','lxxpxxxxLnxpxPxRxxxgxpxPxxxxxpxPxSxxSRxkpxxxbxxxpxxPbNxxgpxPxKxxxxxxxxGxxxMpnxPxL','gsppp');
insert into kifread values(125,67,66,'P',false, true,'SNP','lxxpxxxxLnxpxPxRxxxgxpxPxxxxxpxPxSxxSRskpxxxbxxxpxxPbNxxgpxPxKxxxxxxxxGxxxMpnxPxL','gppp');
insert into kifread values(126, 0,87,'p',false,false,'SNP','lxxpxxxxLnxpxPxRxxxgxpxPxxxxxpxPxSxxSRskpxxxbxxxpxPxbNxxgpxPxKxxxxxxxxGxxxMpnxPxL','gppp');
insert into kifread values(    127, null, null, null, null, true,    'SNP', 'lxxpxxxxLnxpxPxRxxxgxpxPxxxxxpxPxSxxSRskpxxxbxxxpxPxbNxxgpxPxKxxxxxxxpGxxxMpnxPxL', 'gpp');select kif_insert(1, '2003-09-08', '羽生善治', '谷川浩司', 'w');
